==32582== PGPROF is profiling process 32582, command: ./loop_grwpvp.exec
==32582== Profiling application: ./loop_grwpvp.exec
==32582== Profiling result:
            Type  Time(%)      Time     Calls       Avg       Min       Max  Name
 GPU activities:   69.10%  6.3680us         1  6.3680us  6.3680us  6.3680us  [CUDA memcpy DtoH]
                   30.90%  2.8480us         1  2.8480us  2.8480us  2.8480us  loop_49_gpu
      API calls:   65.05%  143.55ms         1  143.55ms  143.55ms  143.55ms  cuDevicePrimaryCtxRetain
                   21.67%  47.824ms         1  47.824ms  47.824ms  47.824ms  cuDevicePrimaryCtxRelease
                    7.40%  16.337ms         1  16.337ms  16.337ms  16.337ms  cuMemHostAlloc
                    5.50%  12.128ms         1  12.128ms  12.128ms  12.128ms  cuMemFreeHost
                    0.26%  565.53us         1  565.53us  565.53us  565.53us  cuMemAllocHost
                    0.04%  91.444us         2  45.722us  4.6320us  86.812us  cuMemAlloc
                    0.04%  83.655us         1  83.655us  83.655us  83.655us  cuModuleLoadDataEx
                    0.01%  22.503us         1  22.503us  22.503us  22.503us  cuLaunchKernel
                    0.01%  18.406us         1  18.406us  18.406us  18.406us  cuMemcpyDtoHAsync
                    0.00%  9.9510us         2  4.9750us  4.5370us  5.4140us  cuStreamSynchronize
                    0.00%  9.1420us         1  9.1420us  9.1420us  9.1420us  cuStreamCreate
                    0.00%  7.2040us         3  2.4010us     203ns  6.4570us  cuCtxSetCurrent
                    0.00%  6.1660us         1  6.1660us  6.1660us  6.1660us  cuDeviceGetPCIBusId
                    0.00%  3.3140us         2  1.6570us     269ns  3.0450us  cuEventCreate
                    0.00%  3.2470us         1  3.2470us  3.2470us  3.2470us  cuEventRecord
                    0.00%  2.4610us         1  2.4610us  2.4610us  2.4610us  cuPointerGetAttributes
                    0.00%  1.5820us         3     527ns     104ns  1.3320us  cuDeviceGetCount
                    0.00%  1.5500us         1  1.5500us  1.5500us  1.5500us  cuModuleGetFunction
                    0.00%  1.2390us         4     309ns     127ns     537ns  cuDeviceGetAttribute
                    0.00%     832ns         1     832ns     832ns     832ns  cuEventSynchronize
                    0.00%     542ns         2     271ns     112ns     430ns  cuDeviceGet
                    0.00%     195ns         1     195ns     195ns     195ns  cuDeviceComputeCapability
                    0.00%     178ns         1     178ns     178ns     178ns  cuDriverGetVersion
                    0.00%     175ns         1     175ns     175ns     175ns  cuCtxGetCurrent
 OpenACC (excl):   98.40%  16.372ms         1  16.372ms  16.372ms  16.372ms  acc_exit_data@loop_grwpvp.f90:49
                    0.64%  106.91us         1  106.91us  106.91us  106.91us  acc_device_init@loop_grwpvp.f90:49
                    0.28%  46.176us         1  46.176us  46.176us  46.176us  acc_enter_data@loop_grwpvp.f90:49
                    0.24%  40.266us         1  40.266us  40.266us  40.266us  acc_enqueue_download@loop_grwpvp.f90:54
                    0.18%  29.623us         1  29.623us  29.623us  29.623us  acc_wait@loop_grwpvp.f90:54
                    0.16%  26.497us         1  26.497us  26.497us  26.497us  acc_enqueue_launch@loop_grwpvp.f90:49 (loop_49_gpu)
                    0.06%  10.005us         1  10.005us  10.005us  10.005us  acc_compute_construct@loop_grwpvp.f90:49
                    0.04%  6.3450us         1  6.3450us  6.3450us  6.3450us  acc_wait@loop_grwpvp.f90:49
                    0.00%       0ns         1       0ns       0ns       0ns  acc_delete@loop_grwpvp.f90:54
                    0.00%       0ns         1       0ns       0ns       0ns  acc_alloc@loop_grwpvp.f90:49
                    0.00%       0ns         1       0ns       0ns       0ns  acc_create@loop_grwpvp.f90:49

======== CPU profiling result (bottom up):
Time(%)      Time  Name
 76.58%  897.44ms  ???
 76.58%  897.44ms  | start_thread
 76.58%  897.44ms  |   clone
 12.61%  147.81ms  cuDevicePrimaryCtxRetain
 12.61%  147.81ms  | __pgi_uacc_cuda_init_device
 12.61%  147.81ms  |   __pgi_uacc_cuda_select_valid
 12.61%  147.81ms  |     __pgi_uacc_select_devid
 12.61%  147.81ms  |       __pgi_uacc_enter
 12.61%  147.81ms  |         MAIN_
 12.61%  147.81ms  |           main
 12.61%  147.81ms  |             ???
  4.50%  52.791ms  cuDevicePrimaryCtxRelease
  4.50%  52.791ms  | __pgi_uacc_cuda_release_buffer
  4.50%  52.791ms  |   __run_exit_handlers
  4.50%  52.791ms  |     ???
  4.50%  52.791ms  |       main
  4.50%  52.791ms  |         ???
  4.50%  52.791ms  cuInit
  4.50%  52.791ms  | __pgi_uacc_cuda_init
  4.50%  52.791ms  |   __pgi_uacc_enumerate
  4.50%  52.791ms  |     __pgi_uacc_initialize
  4.50%  52.791ms  |       __pgi_uacc_enter
  4.50%  52.791ms  |         MAIN_
  4.50%  52.791ms  |           main
  4.50%  52.791ms  |             ???
  0.90%  10.558ms  cuMemFreeHost
  0.90%  10.558ms  | __pgi_uacc_cuda_free_device_buffers
  0.90%  10.558ms  |   __pgi_uacc_cuda_release_buffer
  0.90%  10.558ms  |     __run_exit_handlers
  0.90%  10.558ms  |       ???
  0.90%  10.558ms  |         main
  0.90%  10.558ms  |           ???
  0.90%  10.558ms  cuMemHostAlloc
  0.90%  10.558ms    __pgi_uacc_cuda_get_buffer
  0.90%  10.558ms      __pgi_uacc_cuda_datadown1
  0.90%  10.558ms        __pgi_uacc_datadown1
  0.90%  10.558ms          __pgi_uacc_datadownx
  0.90%  10.558ms            __pgi_uacc_dataoffb2
  0.90%  10.558ms              MAIN_
  0.90%  10.558ms                main
  0.90%  10.558ms                  ???

======== Data collected at 100Hz frequency
