==8568== PGPROF is profiling process 8568, command: ./wait.exec
==8568== Profiling application: ./wait.exec
==8568== Profiling result:
            Type  Time(%)      Time     Calls       Avg       Min       Max  Name
 GPU activities:   46.75%  5.7600us         1  5.7600us  5.7600us  5.7600us  [CUDA memcpy HtoD]
                   24.68%  3.0400us         1  3.0400us  3.0400us  3.0400us  async_31_gpu
                   14.55%  1.7920us         1  1.7920us  1.7920us  1.7920us  async_42_gpu
                   14.03%  1.7280us         1  1.7280us  1.7280us  1.7280us  async_38_gpu
      API calls:   63.07%  134.63ms         1  134.63ms  134.63ms  134.63ms  cuDevicePrimaryCtxRetain
                   21.67%  46.255ms         1  46.255ms  46.255ms  46.255ms  cuDevicePrimaryCtxRelease
                    8.93%  19.056ms         1  19.056ms  19.056ms  19.056ms  cuMemHostAlloc
                    5.41%  11.538ms         1  11.538ms  11.538ms  11.538ms  cuMemFreeHost
                    0.66%  1.4124ms         4  353.11us  4.6350us  795.19us  cuMemAllocHost
                    0.14%  297.85us         7  42.550us  2.3460us  104.46us  cuMemAlloc
                    0.06%  128.62us         1  128.62us  128.62us  128.62us  cuModuleLoadDataEx
                    0.02%  49.351us         3  16.450us  6.9800us  22.956us  cuLaunchKernel
                    0.01%  22.239us         4  5.5590us  3.1340us  8.5170us  cuStreamCreate
                    0.01%  20.015us         1  20.015us  20.015us  20.015us  cuMemcpyHtoDAsync
                    0.01%  11.020us         2  5.5100us  4.6220us  6.3980us  cuStreamSynchronize
                    0.00%  8.0930us         3  2.6970us     205ns  7.4170us  cuCtxSetCurrent
                    0.00%  6.1610us         1  6.1610us  6.1610us  6.1610us  cuDeviceGetPCIBusId
                    0.00%  3.1090us         3  1.0360us     273ns  2.3820us  cuPointerGetAttributes
                    0.00%  2.6610us         3     887ns     365ns  1.5580us  cuEventCreate
                    0.00%  1.8500us         3     616ns     141ns  1.4390us  cuModuleGetFunction
                    0.00%  1.2820us         3     427ns     114ns  1.0510us  cuDeviceGetCount
                    0.00%  1.0940us         4     273ns     135ns     395ns  cuDeviceGetAttribute
                    0.00%     658ns         2     329ns     109ns     549ns  cuDeviceGet
                    0.00%     172ns         1     172ns     172ns     172ns  cuDeviceComputeCapability
                    0.00%     166ns         1     166ns     166ns     166ns  cuCtxGetCurrent
                    0.00%     144ns         1     144ns     144ns     144ns  cuDriverGetVersion
 OpenACC (excl):   97.14%  19.701ms         1  19.701ms  19.701ms  19.701ms  acc_update@wait.f90:37
                    0.76%  154.93us         1  154.93us  154.93us  154.93us  acc_device_init@wait.f90:25
                    0.60%  122.56us         1  122.56us  122.56us  122.56us  acc_compute_construct@wait.f90:38
                    0.54%  109.34us         1  109.34us  109.34us  109.34us  acc_compute_construct@wait.f90:31
                    0.33%  66.810us         1  66.810us  66.810us  66.810us  acc_enter_data@wait.f90:25
                    0.13%  26.970us         1  26.970us  26.970us  26.970us  acc_enqueue_launch@wait.f90:31 (async_31_gpu)
                    0.13%  26.417us         1  26.417us  26.417us  26.417us  acc_enqueue_upload@wait.f90:37
                    0.12%  23.562us         1  23.562us  23.562us  23.562us  acc_enqueue_launch@wait.f90:38 (async_38_gpu)
                    0.08%  15.729us         1  15.729us  15.729us  15.729us  acc_exit_data@wait.f90:46
                    0.06%  12.713us         2  6.3560us  5.6060us  7.1070us  acc_wait@wait.f90:42
                    0.04%  8.1310us         1  8.1310us  8.1310us  8.1310us  acc_enqueue_launch@wait.f90:42 (async_42_gpu)
                    0.02%  3.8350us         1  3.8350us  3.8350us  3.8350us  acc_exit_data@wait.f90:31
                    0.01%  2.7930us         1  2.7930us  2.7930us  2.7930us  acc_enter_data@wait.f90:38
                    0.01%  2.0860us         1  2.0860us  2.0860us  2.0860us  acc_compute_construct@wait.f90:42
                    0.01%  1.8310us         1  1.8310us  1.8310us  1.8310us  acc_exit_data@wait.f90:38
                    0.01%  1.3240us         1  1.3240us  1.3240us  1.3240us  acc_enter_data@wait.f90:31
                    0.01%  1.0190us         1  1.0190us  1.0190us  1.0190us  acc_enter_data@wait.f90:42
                    0.00%     862ns         1     862ns     862ns     862ns  acc_exit_data@wait.f90:42
                    0.00%       0ns         3       0ns       0ns       0ns  acc_delete@wait.f90:46
                    0.00%       0ns         3       0ns       0ns       0ns  acc_alloc@wait.f90:25
                    0.00%       0ns         3       0ns       0ns       0ns  acc_create@wait.f90:25

======== CPU profiling result (bottom up):
Time(%)      Time  Name
 76.64%  867.35ms  ???
 76.64%  867.35ms  | start_thread
 76.64%  867.35ms  |   clone
 12.15%  137.51ms  cuDevicePrimaryCtxRetain
 12.15%  137.51ms  | __pgi_uacc_cuda_init_device
 12.15%  137.51ms  |   __pgi_uacc_cuda_select_valid
 12.15%  137.51ms  |     __pgi_uacc_select_devid
 12.15%  137.51ms  |       __pgi_uacc_dataenterstart2
 12.15%  137.51ms  |         MAIN_
 12.15%  137.51ms  |           main
 12.15%  137.51ms  |             ???
  3.74%   42.31ms  cuDevicePrimaryCtxRelease
  3.74%   42.31ms  | __pgi_uacc_cuda_release_buffer
  3.74%   42.31ms  |   __run_exit_handlers
  3.74%   42.31ms  |     ???
  3.74%   42.31ms  |       main
  3.74%   42.31ms  |         ???
  3.74%   42.31ms  cuInit
  3.74%   42.31ms  | __pgi_uacc_cuda_init
  3.74%   42.31ms  |   __pgi_uacc_enumerate
  3.74%   42.31ms  |     __pgi_uacc_initialize
  3.74%   42.31ms  |       __pgi_uacc_dataenterstart2
  3.74%   42.31ms  |         MAIN_
  3.74%   42.31ms  |           main
  3.74%   42.31ms  |             ???
  1.87%  21.155ms  cuMemHostAlloc
  1.87%  21.155ms  | __pgi_uacc_cuda_get_buffer
  1.87%  21.155ms  |   __pgi_uacc_cuda_dataup1
  1.87%  21.155ms  |     __pgi_uacc_dataup1
  1.87%  21.155ms  |       __pgi_uacc_dataupx
  1.87%  21.155ms  |         __pgi_uacc_dataupa
  1.87%  21.155ms  |           MAIN_
  1.87%  21.155ms  |             main
  1.87%  21.155ms  |               ???
  0.93%  10.577ms  cuMemFreeHost
  0.93%  10.577ms  | __pgi_uacc_cuda_free_device_buffers
  0.93%  10.577ms  |   __pgi_uacc_cuda_release_buffer
  0.93%  10.577ms  |     __run_exit_handlers
  0.93%  10.577ms  |       ???
  0.93%  10.577ms  |         main
  0.93%  10.577ms  |           ???
  0.93%  10.577ms  cuMemAllocHost_v2
  0.93%  10.577ms    __pgi_uacc_cuda_stream
  0.93%  10.577ms      __pgi_uacc_cuda_init_device
  0.93%  10.577ms        __pgi_uacc_cuda_select_valid
  0.93%  10.577ms          __pgi_uacc_select_devid
  0.93%  10.577ms            __pgi_uacc_dataenterstart2
  0.93%  10.577ms              MAIN_
  0.93%  10.577ms                main
  0.93%  10.577ms                  ???

======== Data collected at 100Hz frequency
