gol:
     27, Generating Tesla code
         28, !$acc loop seq
         29, !$acc loop seq
     27, Generating implicit copyout(old_world(1:rows,1:cols)) [if not already present]
         Generating implicit copyin(world(1:rows,1:cols)) [if not already present]
     28, Loop is parallelizable
     29, Loop is parallelizable
     34, Generating Tesla code
         35, !$acc loop seq
         36, !$acc loop seq
     34, Generating implicit copy(world(1:rows,1:cols)) [if not already present]
         Generating implicit copyin(old_world(0:rows+1,0:cols+1)) [if not already present]
     35, Loop is parallelizable
     36, Loop is parallelizable
     49, Generating Tesla code
         50, !$acc loop seq
         51, !$acc loop seq
         52, Generating implicit reduction(+:cells)
     49, Generating implicit copyin(world(1:rows,1:cols)) [if not already present]
     50, Loop is parallelizable
     51, Loop is parallelizable
