==26553== PGPROF is profiling process 26553, command: ./param-par.exec
==26553== Profiling application: ./param-par.exec
==26553== Profiling result:
            Type  Time(%)      Time     Calls       Avg       Min       Max  Name
 GPU activities:   97.34%  96.157us         1  96.157us  96.157us  96.157us  param_14_gpu
                    2.66%  2.6240us         1  2.6240us  2.6240us  2.6240us  [CUDA memcpy DtoH]
      API calls:   63.99%  129.15ms         1  129.15ms  129.15ms  129.15ms  cuDevicePrimaryCtxRetain
                   23.26%  46.942ms         1  46.942ms  46.942ms  46.942ms  cuDevicePrimaryCtxRelease
                    7.24%  14.616ms         1  14.616ms  14.616ms  14.616ms  cuMemHostAlloc
                    4.20%  8.4861ms         1  8.4861ms  8.4861ms  8.4861ms  cuMemFreeHost
                    0.74%  1.4967ms         1  1.4967ms  1.4967ms  1.4967ms  cuModuleLoadDataEx
                    0.35%  698.74us         1  698.74us  698.74us  698.74us  cuMemAllocHost
                    0.07%  135.51us         2  67.755us  5.8530us  129.66us  cuStreamSynchronize
                    0.07%  134.64us         1  134.64us  134.64us  134.64us  cuLaunchKernel
                    0.05%  94.913us         2  47.456us  4.8910us  90.022us  cuMemAlloc
                    0.01%  25.607us         1  25.607us  25.607us  25.607us  cuDeviceGetPCIBusId
                    0.01%  19.406us         1  19.406us  19.406us  19.406us  cuMemcpyDtoHAsync
                    0.00%  8.4810us         1  8.4810us  8.4810us  8.4810us  cuStreamCreate
                    0.00%  7.7180us         3  2.5720us     178ns  7.0300us  cuCtxSetCurrent
                    0.00%  3.5200us         2  1.7600us     270ns  3.2500us  cuEventCreate
                    0.00%  3.3390us         1  3.3390us  3.3390us  3.3390us  cuEventRecord
                    0.00%  2.3510us         1  2.3510us  2.3510us  2.3510us  cuPointerGetAttributes
                    0.00%  1.8400us         1  1.8400us  1.8400us  1.8400us  cuModuleGetFunction
                    0.00%  1.6630us         3     554ns     157ns  1.3060us  cuDeviceGetCount
                    0.00%  1.6180us         4     404ns     181ns     727ns  cuDeviceGetAttribute
                    0.00%     869ns         2     434ns     181ns     688ns  cuDeviceGet
                    0.00%     850ns         1     850ns     850ns     850ns  cuEventSynchronize
                    0.00%     335ns         1     335ns     335ns     335ns  cuDeviceComputeCapability
                    0.00%     284ns         1     284ns     284ns     284ns  cuCtxGetCurrent
                    0.00%     233ns         1     233ns     233ns     233ns  cuDriverGetVersion
 OpenACC (excl):   88.43%  14.648ms         1  14.648ms  14.648ms  14.648ms  acc_exit_data@parametres_paral.f90:14
                    9.20%  1.5245ms         1  1.5245ms  1.5245ms  1.5245ms  acc_device_init@parametres_paral.f90:14
                    0.84%  138.70us         1  138.70us  138.70us  138.70us  acc_enqueue_launch@parametres_paral.f90:14 (param_14_gpu)
                    0.80%  132.06us         1  132.06us  132.06us  132.06us  acc_wait@parametres_paral.f90:14
                    0.31%  50.679us         1  50.679us  50.679us  50.679us  acc_enter_data@parametres_paral.f90:14
                    0.25%  41.830us         1  41.830us  41.830us  41.830us  acc_enqueue_download@parametres_paral.f90:21
                    0.11%  18.152us         1  18.152us  18.152us  18.152us  acc_wait@parametres_paral.f90:21
                    0.07%  11.130us         1  11.130us  11.130us  11.130us  acc_compute_construct@parametres_paral.f90:14
                    0.00%       0ns         1       0ns       0ns       0ns  acc_alloc@parametres_paral.f90:14
                    0.00%       0ns         1       0ns       0ns       0ns  acc_create@parametres_paral.f90:14
                    0.00%       0ns         1       0ns       0ns       0ns  acc_delete@parametres_paral.f90:21

======== CPU profiling result (bottom up):
Time(%)      Time  Name
 76.19%  846.57ms  ???
 76.19%  846.57ms  | start_thread
 76.19%  846.57ms  |   clone
 11.43%  126.99ms  cuDevicePrimaryCtxRetain
 11.43%  126.99ms  | __pgi_uacc_cuda_init_device
 11.43%  126.99ms  |   __pgi_uacc_cuda_select_valid
 11.43%  126.99ms  |     __pgi_uacc_select_devid
 11.43%  126.99ms  |       __pgi_uacc_enter
 11.43%  126.99ms  |         MAIN_
 11.43%  126.99ms  |           main
 11.43%  126.99ms  |             ???
  4.76%  52.911ms  cuDevicePrimaryCtxRelease
  4.76%  52.911ms  | __pgi_uacc_cuda_release_buffer
  4.76%  52.911ms  |   __run_exit_handlers
  4.76%  52.911ms  |     ???
  4.76%  52.911ms  |       main
  4.76%  52.911ms  |         ???
  4.76%  52.911ms  cuInit
  4.76%  52.911ms  | __pgi_uacc_cuda_init
  4.76%  52.911ms  |   __pgi_uacc_enumerate
  4.76%  52.911ms  |     __pgi_uacc_initialize
  4.76%  52.911ms  |       __pgi_uacc_enter
  4.76%  52.911ms  |         MAIN_
  4.76%  52.911ms  |           main
  4.76%  52.911ms  |             ???
  0.95%  10.582ms  cuMemHostAlloc
  0.95%  10.582ms  | __pgi_uacc_cuda_get_buffer
  0.95%  10.582ms  |   __pgi_uacc_cuda_datadown1
  0.95%  10.582ms  |     __pgi_uacc_datadown1
  0.95%  10.582ms  |       __pgi_uacc_datadownx
  0.95%  10.582ms  |         __pgi_uacc_dataoffb2
  0.95%  10.582ms  |           MAIN_
  0.95%  10.582ms  |             main
  0.95%  10.582ms  |               ???
  0.95%  10.582ms  cuMemFreeHost
  0.95%  10.582ms  | __pgi_uacc_cuda_free_device_buffers
  0.95%  10.582ms  |   __pgi_uacc_cuda_release_buffer
  0.95%  10.582ms  |     __run_exit_handlers
  0.95%  10.582ms  |       ???
  0.95%  10.582ms  |         main
  0.95%  10.582ms  |           ???
  0.95%  10.582ms  cuMemAllocHost_v2
  0.95%  10.582ms    __pgi_uacc_cuda_stream
  0.95%  10.582ms      __pgi_uacc_cuda_init_device
  0.95%  10.582ms        __pgi_uacc_cuda_select_valid
  0.95%  10.582ms          __pgi_uacc_select_devid
  0.95%  10.582ms            __pgi_uacc_enter
  0.95%  10.582ms              MAIN_
  0.95%  10.582ms                main
  0.95%  10.582ms                  ???

======== Data collected at 100Hz frequency
