        11000

Accelerator Kernel Timing data
/home/cjunqueira/Documents/boulot/trainning/idris/openacc/examples/parallel_data/parallel-data-single/parallel-data-single.f90
  para  NVIDIA  devicenum=0
    time(us): 2,069
    28: compute region reached 1 time
        28: kernel launched 1 time
            grid: [79]  block: [128]
             device time(us): total=4 max=4 min=4 avg=4
            elapsed time(us): total=378 max=378 min=378 avg=378
    28: data region reached 2 times
        33: data copyout transfers: 1
             device time(us): total=22 max=22 min=22 avg=22
    35: data region reached 2 times
        35: data copyin transfers: 1
             device time(us): total=14 max=14 min=14 avg=14
        44: data copyout transfers: 1
             device time(us): total=9 max=9 min=9 avg=9
    37: compute region reached 1000 times
        37: kernel launched 1000 times
            grid: [79]  block: [128]
             device time(us): total=2,020 max=5 min=2 avg=2
            elapsed time(us): total=16,670 max=33 min=12 avg=16
