
Accelerator Kernel Timing data
/home/cjunqueira/Documents/boulot/trainning/idris/openacc/examples/arrayshape/fortran/array-shape.f90
  array_shape  NVIDIA  devicenum=0
    time(us): 271,116
    23: compute region reached 1 time
        23: kernel launched 1 time
            grid: [10000]  block: [32x4]
             device time(us): total=205,561 max=205,561 min=205,561 avg=205,561
            elapsed time(us): total=205,627 max=205,627 min=205,627 avg=205,627
    23: data region reached 2 times
        23: data copyin transfers: 24
             device time(us): total=31,005 max=1,573 min=1,090 avg=1,291
        32: data copyout transfers: 24
             device time(us): total=31,865 max=1,415 min=1,121 avg=1,327
    32: compute region reached 1 time
        32: kernel launched 1 time
            grid: [100]  block: [32x4]
             device time(us): total=2,050 max=2,050 min=2,050 avg=2,050
            elapsed time(us): total=2,107 max=2,107 min=2,107 avg=2,107
    32: data region reached 2 times
        32: data copyin transfers: 1
             device time(us): total=315 max=315 min=315 avg=315
        39: data copyout transfers: 1
             device time(us): total=320 max=320 min=320 avg=320
