==24084== PGPROF is profiling process 24084, command: ./gol 1000 1000 100
==24084== Profiling application: ./gol 1000 1000 100
==24084== Profiling result:
            Type  Time(%)      Time     Calls       Avg       Min       Max  Name
 GPU activities:   99.90%  1.25163s         1  1.25163s  1.25163s  1.25163s  gol_23_gpu
                    0.05%  632.91us         2  316.45us  315.67us  317.24us  [CUDA memcpy DtoH]
                    0.05%  617.58us         2  308.79us  308.60us  308.98us  [CUDA memcpy HtoD]
      API calls:   84.98%  1.25257s         3  417.52ms  310.16us  1.25165s  cuStreamSynchronize
                   10.02%  147.77ms         1  147.77ms  147.77ms  147.77ms  cuDevicePrimaryCtxRetain
                    3.14%  46.331ms         1  46.331ms  46.331ms  46.331ms  cuDevicePrimaryCtxRelease
                    1.04%  15.279ms         1  15.279ms  15.279ms  15.279ms  cuMemHostAlloc
                    0.62%  9.1454ms         1  9.1454ms  9.1454ms  9.1454ms  cuMemFreeHost
                    0.11%  1.5941ms         1  1.5941ms  1.5941ms  1.5941ms  cuModuleLoadDataEx
                    0.04%  584.02us         1  584.02us  584.02us  584.02us  cuMemAllocHost
                    0.03%  499.92us         3  166.64us  83.388us  321.46us  cuMemAlloc
                    0.01%  153.51us         1  153.51us  153.51us  153.51us  cuLaunchKernel
                    0.00%  36.009us         2  18.004us  14.036us  21.973us  cuMemcpyHtoDAsync
                    0.00%  24.019us         2  12.009us  4.0810us  19.938us  cuMemcpyDtoHAsync
                    0.00%  8.8010us         1  8.8010us  8.8010us  8.8010us  cuStreamCreate
                    0.00%  7.9680us         3  2.6560us     202ns  7.1970us  cuCtxSetCurrent
                    0.00%  5.7940us         1  5.7940us  5.7940us  5.7940us  cuDeviceGetPCIBusId
                    0.00%  5.3580us         3  1.7860us     492ns  3.8080us  cuDeviceGetCount
                    0.00%  4.4740us         2  2.2370us  1.9060us  2.5680us  cuPointerGetAttributes
                    0.00%  4.0640us         2  2.0320us     845ns  3.2190us  cuEventRecord
                    0.00%  4.0230us         3  1.3410us     394ns  3.1230us  cuEventCreate
                    0.00%  3.8350us         4     958ns     699ns  1.2270us  cuDeviceGetAttribute
                    0.00%  3.0420us         2  1.5210us     566ns  2.4760us  cuDeviceGet
                    0.00%  2.5730us         2  1.2860us     908ns  1.6650us  cuEventSynchronize
                    0.00%  1.6610us         1  1.6610us  1.6610us  1.6610us  cuModuleGetFunction
                    0.00%  1.0320us         1  1.0320us  1.0320us  1.0320us  cuDriverGetVersion
                    0.00%     888ns         1     888ns     888ns     888ns  cuCtxGetCurrent
                    0.00%     863ns         1     863ns     863ns     863ns  cuDeviceComputeCapability
 OpenACC (excl):   98.47%  1.25197s         2  625.98ms  314.76us  1.25165s  acc_wait@gol.f90:23
                    1.29%  16.419ms         1  16.419ms  16.419ms  16.419ms  acc_enter_data@gol.f90:23
                    0.13%  1.6216ms         1  1.6216ms  1.6216ms  1.6216ms  acc_device_init@gol.f90:23
                    0.09%  1.1652ms         1  1.1652ms  1.1652ms  1.1652ms  acc_wait@gol.f90:50
                    0.01%  156.96us         1  156.96us  156.96us  156.96us  acc_enqueue_launch@gol.f90:23 (gol_23_gpu)
                    0.00%  46.650us         2  23.325us  16.277us  30.373us  acc_enqueue_upload@gol.f90:23
                    0.00%  41.349us         2  20.674us  6.5620us  34.787us  acc_enqueue_download@gol.f90:50
                    0.00%  33.268us         1  33.268us  33.268us  33.268us  acc_exit_data@gol.f90:23
                    0.00%  11.056us         1  11.056us  11.056us  11.056us  acc_compute_construct@gol.f90:23
                    0.00%       0ns         2       0ns       0ns       0ns  acc_create@gol.f90:23
                    0.00%       0ns         2       0ns       0ns       0ns  acc_delete@gol.f90:50
                    0.00%       0ns         2       0ns       0ns       0ns  acc_alloc@gol.f90:23

======== CPU profiling result (bottom up):
Time(%)      Time  Name
 74.39%  4.67371s  ???
 74.39%  4.67371s  | start_thread
 74.39%  4.67371s  |   clone
 20.26%   1.2728s  cuStreamSynchronize
 20.26%   1.2728s  | __pgi_uacc_cuda_wait
 20.26%   1.2728s  |   __pgi_uacc_computedone2
 20.26%   1.2728s  |     __pgi_uacc_computedone
 20.26%   1.2728s  |       MAIN_
 20.26%   1.2728s  |         main
 20.26%   1.2728s  |           ???
  2.43%  152.74ms  cuDevicePrimaryCtxRetain
  2.43%  152.74ms  | __pgi_uacc_cuda_init_device
  2.43%  152.74ms  |   __pgi_uacc_cuda_select_valid
  2.43%  152.74ms  |     __pgi_uacc_select_devid
  2.43%  152.74ms  |       __pgi_uacc_enter
  2.43%  152.74ms  |         MAIN_
  2.43%  152.74ms  |           main
  2.43%  152.74ms  |             ???
  0.97%  61.094ms  cuInit
  0.97%  61.094ms  | __pgi_uacc_cuda_init
  0.97%  61.094ms  |   __pgi_uacc_enumerate
  0.97%  61.094ms  |     __pgi_uacc_initialize
  0.97%  61.094ms  |       __pgi_uacc_enter
  0.97%  61.094ms  |         MAIN_
  0.97%  61.094ms  |           main
  0.97%  61.094ms  |             ???
  0.81%  50.912ms  cuDevicePrimaryCtxRelease
  0.81%  50.912ms  | __pgi_uacc_cuda_release_buffer
  0.81%  50.912ms  |   __run_exit_handlers
  0.81%  50.912ms  |     ???
  0.81%  50.912ms  |       main
  0.81%  50.912ms  |         ???
  0.32%  20.365ms  __kmp_acquire_queuing_lock
  0.32%  20.365ms  | __kmpc_critical_with_hint
  0.32%  20.365ms  |   _mp_p
  0.32%  20.365ms  |     pghpf_rnumd_i8
  0.32%  20.365ms  |       gol_fill_world
  0.32%  20.365ms  |         MAIN_
  0.32%  20.365ms  |           main
  0.32%  20.365ms  |             ???
  0.16%  10.182ms  cuMemFreeHost
  0.16%  10.182ms  | __pgi_uacc_cuda_free_device_buffers
  0.16%  10.182ms  |   __pgi_uacc_cuda_release_buffer
  0.16%  10.182ms  |     __run_exit_handlers
  0.16%  10.182ms  |       ???
  0.16%  10.182ms  |         main
  0.16%  10.182ms  |           ???
  0.16%  10.182ms  cuMemHostAlloc
  0.16%  10.182ms  | __pgi_uacc_cuda_get_buffer
  0.16%  10.182ms  |   __pgi_uacc_cuda_dataup1
  0.16%  10.182ms  |     __pgi_uacc_dataup1
  0.16%  10.182ms  |       __pgi_uacc_dataupx
  0.16%  10.182ms  |         __pgi_uacc_dataonb
  0.16%  10.182ms  |           MAIN_
  0.16%  10.182ms  |             main
  0.16%  10.182ms  |               ???
  0.16%  10.182ms  __kmpc_critical_with_hint
  0.16%  10.182ms  | _mp_p
  0.16%  10.182ms  |   pghpf_rnumd_i8
  0.16%  10.182ms  |     gol_fill_world
  0.16%  10.182ms  |       MAIN_
  0.16%  10.182ms  |         main
  0.16%  10.182ms  |           ???
  0.16%  10.182ms  ???
  0.16%  10.182ms  | ???
  0.16%  10.182ms  |   ???
  0.16%  10.182ms  |     ???
  0.16%  10.182ms  |       ???
  0.16%  10.182ms  __kmp_get_global_thread_id_reg
  0.16%  10.182ms    _mp_v
  0.16%  10.182ms      gol_fill_world
  0.16%  10.182ms        MAIN_
  0.16%  10.182ms          main
  0.16%  10.182ms            ???

======== Data collected at 100Hz frequency
