==4943== PGPROF is profiling process 4943, command: ./gol 4000 2000 50
PCAST Int cells in function gol, /home/cjunqueira/Documents/boulot/trainning/idris/openacc/ensam/sources/TP_GoL/optm/step-8/gol.f90:58
	idx: 0 FAIL act: 3982756 exp: 2188972
PCAST Int cells in function gol, /home/cjunqueira/Documents/boulot/trainning/idris/openacc/ensam/sources/TP_GoL/optm/step-8/gol.f90:58
	idx: 0 FAIL act: 3972478 exp: 2027924
PCAST Int cells in function gol, /home/cjunqueira/Documents/boulot/trainning/idris/openacc/ensam/sources/TP_GoL/optm/step-8/gol.f90:58
	idx: 0 FAIL act: 3969974 exp: 2002694
PCAST Int cells in function gol, /home/cjunqueira/Documents/boulot/trainning/idris/openacc/ensam/sources/TP_GoL/optm/step-8/gol.f90:58
	idx: 0 FAIL act: 3969325 exp: 1905794
PCAST Int cells in function gol, /home/cjunqueira/Documents/boulot/trainning/idris/openacc/ensam/sources/TP_GoL/optm/step-8/gol.f90:58
	idx: 0 FAIL act: 3969153 exp: 1855750
PCAST Int cells in function gol, /home/cjunqueira/Documents/boulot/trainning/idris/openacc/ensam/sources/TP_GoL/optm/step-8/gol.f90:58
	idx: 0 FAIL act: 3969107 exp: 1790377
PCAST Int cells in function gol, /home/cjunqueira/Documents/boulot/trainning/idris/openacc/ensam/sources/TP_GoL/optm/step-8/gol.f90:58
	idx: 0 FAIL act: 3969091 exp: 1740619
PCAST Int cells in function gol, /home/cjunqueira/Documents/boulot/trainning/idris/openacc/ensam/sources/TP_GoL/optm/step-8/gol.f90:58
	idx: 0 FAIL act: 3969083 exp: 1690171
PCAST Int cells in function gol, /home/cjunqueira/Documents/boulot/trainning/idris/openacc/ensam/sources/TP_GoL/optm/step-8/gol.f90:58
	idx: 0 FAIL act: 3969079 exp: 1646350
PCAST Int cells in function gol, /home/cjunqueira/Documents/boulot/trainning/idris/openacc/ensam/sources/TP_GoL/optm/step-8/gol.f90:58
	idx: 0 FAIL act: 3969076 exp: 1604640
PCAST Int cells in function gol, /home/cjunqueira/Documents/boulot/trainning/idris/openacc/ensam/sources/TP_GoL/optm/step-8/gol.f90:58
	idx: 0 FAIL act: 3969076 exp: 1565378
PCAST Int cells in function gol, /home/cjunqueira/Documents/boulot/trainning/idris/openacc/ensam/sources/TP_GoL/optm/step-8/gol.f90:58
	idx: 0 FAIL act: 3969076 exp: 1528509
PCAST Int cells in function gol, /home/cjunqueira/Documents/boulot/trainning/idris/openacc/ensam/sources/TP_GoL/optm/step-8/gol.f90:58
	idx: 0 FAIL act: 3969076 exp: 1495977
PCAST Int cells in function gol, /home/cjunqueira/Documents/boulot/trainning/idris/openacc/ensam/sources/TP_GoL/optm/step-8/gol.f90:58
	idx: 0 FAIL act: 3969076 exp: 1463771
PCAST Int cells in function gol, /home/cjunqueira/Documents/boulot/trainning/idris/openacc/ensam/sources/TP_GoL/optm/step-8/gol.f90:58
	idx: 0 FAIL act: 3969076 exp: 1431627
PCAST Int cells in function gol, /home/cjunqueira/Documents/boulot/trainning/idris/openacc/ensam/sources/TP_GoL/optm/step-8/gol.f90:58
	idx: 0 FAIL act: 3969076 exp: 1407221
PCAST Int cells in function gol, /home/cjunqueira/Documents/boulot/trainning/idris/openacc/ensam/sources/TP_GoL/optm/step-8/gol.f90:58
	idx: 0 FAIL act: 3969076 exp: 1381093
PCAST Int cells in function gol, /home/cjunqueira/Documents/boulot/trainning/idris/openacc/ensam/sources/TP_GoL/optm/step-8/gol.f90:58
	idx: 0 FAIL act: 3969076 exp: 1357164
PCAST Int cells in function gol, /home/cjunqueira/Documents/boulot/trainning/idris/openacc/ensam/sources/TP_GoL/optm/step-8/gol.f90:58
	idx: 0 FAIL act: 3969076 exp: 1332417
PCAST Int cells in function gol, /home/cjunqueira/Documents/boulot/trainning/idris/openacc/ensam/sources/TP_GoL/optm/step-8/gol.f90:58
	idx: 0 FAIL act: 3969076 exp: 1310157
PCAST Int cells in function gol, /home/cjunqueira/Documents/boulot/trainning/idris/openacc/ensam/sources/TP_GoL/optm/step-8/gol.f90:58
	idx: 0 FAIL act: 3969076 exp: 1292110
PCAST Int cells in function gol, /home/cjunqueira/Documents/boulot/trainning/idris/openacc/ensam/sources/TP_GoL/optm/step-8/gol.f90:58
	idx: 0 FAIL act: 3969076 exp: 1272744
PCAST Int cells in function gol, /home/cjunqueira/Documents/boulot/trainning/idris/openacc/ensam/sources/TP_GoL/optm/step-8/gol.f90:58
	idx: 0 FAIL act: 3969076 exp: 1253192
PCAST Int cells in function gol, /home/cjunqueira/Documents/boulot/trainning/idris/openacc/ensam/sources/TP_GoL/optm/step-8/gol.f90:58
	idx: 0 FAIL act: 3969076 exp: 1234462
PCAST Int cells in function gol, /home/cjunqueira/Documents/boulot/trainning/idris/openacc/ensam/sources/TP_GoL/optm/step-8/gol.f90:58
	idx: 0 FAIL act: 3969076 exp: 1217901
PCAST Int cells in function gol, /home/cjunqueira/Documents/boulot/trainning/idris/openacc/ensam/sources/TP_GoL/optm/step-8/gol.f90:58
	idx: 0 FAIL act: 3969076 exp: 1201320
PCAST Int cells in function gol, /home/cjunqueira/Documents/boulot/trainning/idris/openacc/ensam/sources/TP_GoL/optm/step-8/gol.f90:58
	idx: 0 FAIL act: 3969076 exp: 1187955
PCAST Int cells in function gol, /home/cjunqueira/Documents/boulot/trainning/idris/openacc/ensam/sources/TP_GoL/optm/step-8/gol.f90:58
	idx: 0 FAIL act: 3969076 exp: 1169869
PCAST Int cells in function gol, /home/cjunqueira/Documents/boulot/trainning/idris/openacc/ensam/sources/TP_GoL/optm/step-8/gol.f90:58
	idx: 0 FAIL act: 3969076 exp: 1156685
PCAST Int cells in function gol, /home/cjunqueira/Documents/boulot/trainning/idris/openacc/ensam/sources/TP_GoL/optm/step-8/gol.f90:58
	idx: 0 FAIL act: 3969076 exp: 1144470
PCAST Int cells in function gol, /home/cjunqueira/Documents/boulot/trainning/idris/openacc/ensam/sources/TP_GoL/optm/step-8/gol.f90:58
	idx: 0 FAIL act: 3969076 exp: 1132434
PCAST Int cells in function gol, /home/cjunqueira/Documents/boulot/trainning/idris/openacc/ensam/sources/TP_GoL/optm/step-8/gol.f90:58
	idx: 0 FAIL act: 3969076 exp: 1118911
PCAST Int cells in function gol, /home/cjunqueira/Documents/boulot/trainning/idris/openacc/ensam/sources/TP_GoL/optm/step-8/gol.f90:58
	idx: 0 FAIL act: 3969076 exp: 1108014
PCAST Int cells in function gol, /home/cjunqueira/Documents/boulot/trainning/idris/openacc/ensam/sources/TP_GoL/optm/step-8/gol.f90:58
	idx: 0 FAIL act: 3969076 exp: 1098229
PCAST Int cells in function gol, /home/cjunqueira/Documents/boulot/trainning/idris/openacc/ensam/sources/TP_GoL/optm/step-8/gol.f90:58
	idx: 0 FAIL act: 3969076 exp: 1086483
PCAST Int cells in function gol, /home/cjunqueira/Documents/boulot/trainning/idris/openacc/ensam/sources/TP_GoL/optm/step-8/gol.f90:58
	idx: 0 FAIL act: 3969076 exp: 1073255
PCAST Int cells in function gol, /home/cjunqueira/Documents/boulot/trainning/idris/openacc/ensam/sources/TP_GoL/optm/step-8/gol.f90:58
	idx: 0 FAIL act: 3969076 exp: 1063454
PCAST Int cells in function gol, /home/cjunqueira/Documents/boulot/trainning/idris/openacc/ensam/sources/TP_GoL/optm/step-8/gol.f90:58
	idx: 0 FAIL act: 3969076 exp: 1053380
PCAST Int cells in function gol, /home/cjunqueira/Documents/boulot/trainning/idris/openacc/ensam/sources/TP_GoL/optm/step-8/gol.f90:58
	idx: 0 FAIL act: 3969076 exp: 1045332
PCAST Int cells in function gol, /home/cjunqueira/Documents/boulot/trainning/idris/openacc/ensam/sources/TP_GoL/optm/step-8/gol.f90:58
	idx: 0 FAIL act: 3969076 exp: 1037997
PCAST Int cells in function gol, /home/cjunqueira/Documents/boulot/trainning/idris/openacc/ensam/sources/TP_GoL/optm/step-8/gol.f90:58
	idx: 0 FAIL act: 3969076 exp: 1030273
PCAST Int cells in function gol, /home/cjunqueira/Documents/boulot/trainning/idris/openacc/ensam/sources/TP_GoL/optm/step-8/gol.f90:58
	idx: 0 FAIL act: 3969076 exp: 1022848
PCAST Int cells in function gol, /home/cjunqueira/Documents/boulot/trainning/idris/openacc/ensam/sources/TP_GoL/optm/step-8/gol.f90:58
	idx: 0 FAIL act: 3969076 exp: 1012624
PCAST Int cells in function gol, /home/cjunqueira/Documents/boulot/trainning/idris/openacc/ensam/sources/TP_GoL/optm/step-8/gol.f90:58
	idx: 0 FAIL act: 3969076 exp: 1005755
PCAST Int cells in function gol, /home/cjunqueira/Documents/boulot/trainning/idris/openacc/ensam/sources/TP_GoL/optm/step-8/gol.f90:58
	idx: 0 FAIL act: 3969076 exp: 997185
PCAST Int cells in function gol, /home/cjunqueira/Documents/boulot/trainning/idris/openacc/ensam/sources/TP_GoL/optm/step-8/gol.f90:58
	idx: 0 FAIL act: 3969076 exp: 988790
PCAST Int cells in function gol, /home/cjunqueira/Documents/boulot/trainning/idris/openacc/ensam/sources/TP_GoL/optm/step-8/gol.f90:58
	idx: 0 FAIL act: 3969076 exp: 981380
PCAST Int cells in function gol, /home/cjunqueira/Documents/boulot/trainning/idris/openacc/ensam/sources/TP_GoL/optm/step-8/gol.f90:58
	idx: 0 FAIL act: 3969076 exp: 974253
PCAST Int cells in function gol, /home/cjunqueira/Documents/boulot/trainning/idris/openacc/ensam/sources/TP_GoL/optm/step-8/gol.f90:58
	idx: 0 FAIL act: 3969076 exp: 967943
PCAST Int cells in function gol, /home/cjunqueira/Documents/boulot/trainning/idris/openacc/ensam/sources/TP_GoL/optm/step-8/gol.f90:58
	idx: 0 FAIL act: 3969076 exp: 959634
PCAST Int world in function gol, /home/cjunqueira/Documents/boulot/trainning/idris/openacc/ensam/sources/TP_GoL/optm/step-8/gol.f90:61
	idx: 4005 FAIL act: 1 exp: 0
	idx: 4006 FAIL act: 1 exp: 0
	idx: 4010 FAIL act: 1 exp: 0
	idx: 4013 FAIL act: 1 exp: 0
	idx: 4014 FAIL act: 1 exp: 0
	idx: 4015 FAIL act: 1 exp: 0
	idx: 4019 FAIL act: 1 exp: 0
	idx: 4020 FAIL act: 1 exp: 0
	idx: 4021 FAIL act: 1 exp: 0
	idx: 4022 FAIL act: 1 exp: 0
	idx: 4026 FAIL act: 1 exp: 0
	idx: 4027 FAIL act: 1 exp: 0
	idx: 4029 FAIL act: 1 exp: 0
	idx: 4030 FAIL act: 1 exp: 0
	idx: 4032 FAIL act: 0 exp: 1
	idx: 4036 FAIL act: 1 exp: 0
	idx: 4037 FAIL act: 1 exp: 0
	idx: 4038 FAIL act: 1 exp: 0
	idx: 4039 FAIL act: 1 exp: 0
	idx: 4041 FAIL act: 1 exp: 0
	idx: 4046 FAIL act: 1 exp: 0
	idx: 4049 FAIL act: 1 exp: 0
	idx: 4050 FAIL act: 1 exp: 0
	idx: 4051 FAIL act: 1 exp: 0
	idx: 4053 FAIL act: 1 exp: 0
	idx: 4055 FAIL act: 1 exp: 0
	idx: 4056 FAIL act: 1 exp: 0
	idx: 4057 FAIL act: 1 exp: 0
	idx: 4058 FAIL act: 1 exp: 0
	idx: 4060 FAIL act: 0 exp: 1
	idx: 4061 FAIL act: 1 exp: 0
	idx: 4062 FAIL act: 1 exp: 0
	idx: 4063 FAIL act: 1 exp: 0
	idx: 4064 FAIL act: 1 exp: 0
	idx: 4067 FAIL act: 1 exp: 0
	idx: 4068 FAIL act: 1 exp: 0
	idx: 4069 FAIL act: 1 exp: 0
	idx: 4071 FAIL act: 1 exp: 0
	idx: 4072 FAIL act: 1 exp: 0
	idx: 4076 FAIL act: 1 exp: 0
	idx: 4080 FAIL act: 1 exp: 0
	idx: 4082 FAIL act: 1 exp: 0
	idx: 4085 FAIL act: 1 exp: 0
	idx: 4086 FAIL act: 1 exp: 0
	idx: 4090 FAIL act: 1 exp: 0
	idx: 4091 FAIL act: 1 exp: 0
	idx: 4092 FAIL act: 1 exp: 0
	idx: 4095 FAIL act: 1 exp: 0
	idx: 4097 FAIL act: 1 exp: 0
	idx: 4098 FAIL act: 1 exp: 0
compared 51 blocks, 8012054 elements, 32048216 bytes
3980032 errors found in 51 blocks
 absolute tolerance = 0.00000000000000000e+00, abs=0
==4943== Profiling application: ./gol 4000 2000 50
==4943== Profiling result:
            Type  Time(%)      Time     Calls       Avg       Min       Max  Name
 GPU activities:   96.83%  173.77ms        50  3.4754ms  3.4642ms  3.4884ms  gol_30_gpu
                    1.44%  2.5879ms        52  49.767us  1.2160us  1.3143ms  [CUDA memcpy DtoH]
                    1.43%  2.5670ms         4  641.74us  1.4720us  1.2858ms  [CUDA memcpy HtoD]
                    0.26%  461.01us        50  9.2200us  6.7520us  110.46us  gol_30_gpu__red
                    0.04%  67.932us        50  1.3580us  1.1520us  1.3760us  [CUDA memset]
      API calls:   44.47%  177.42ms       152  1.1673ms  3.1100us  3.6274ms  cuStreamSynchronize
                   34.84%  139.03ms         1  139.03ms  139.03ms  139.03ms  cuDevicePrimaryCtxRetain
                   11.78%  46.982ms         1  46.982ms  46.982ms  46.982ms  cuDevicePrimaryCtxRelease
                    5.14%  20.507ms         1  20.507ms  20.507ms  20.507ms  cuMemHostAlloc
                    2.14%  8.5210ms         1  8.5210ms  8.5210ms  8.5210ms  cuMemFreeHost
                    0.40%  1.6034ms         7  229.06us  4.5890us  1.3095ms  cuMemAlloc
                    0.31%  1.2549ms        53  23.676us     634ns  1.2110ms  cuEventSynchronize
                    0.29%  1.1667ms       100  11.666us  4.2420us  33.884us  cuLaunchKernel
                    0.24%  970.51us        52  18.663us  6.0150us  32.222us  cuMemcpyDtoHAsync
                    0.19%  776.37us         1  776.37us  776.37us  776.37us  cuMemAllocHost
                    0.09%  339.38us        50  6.7870us  5.5770us  19.156us  cuMemsetD32Async
                    0.04%  162.25us        55  2.9500us     901ns  5.8460us  cuEventRecord
                    0.04%  154.44us         1  154.44us  154.44us  154.44us  cuModuleLoadDataEx
                    0.01%  51.152us         4  12.788us  7.1410us  22.213us  cuMemcpyHtoDAsync
                    0.00%  11.069us         3  3.6890us     349ns  9.9770us  cuCtxSetCurrent
                    0.00%  10.656us         1  10.656us  10.656us  10.656us  cuStreamCreate
                    0.00%  9.9300us         4  2.4820us     453ns  4.1030us  cuEventCreate
                    0.00%  7.6410us         3  2.5470us  1.0760us  3.6470us  cuPointerGetAttributes
                    0.00%  5.9120us         1  5.9120us  5.9120us  5.9120us  cuDeviceGetPCIBusId
                    0.00%  2.7120us         2  1.3560us     262ns  2.4500us  cuModuleGetFunction
                    0.00%  1.9620us         3     654ns     199ns  1.4770us  cuDeviceGetCount
                    0.00%  1.3870us         4     346ns     215ns     492ns  cuDeviceGetAttribute
                    0.00%     905ns         2     452ns     223ns     682ns  cuDeviceGet
                    0.00%     448ns         1     448ns     448ns     448ns  cuDriverGetVersion
                    0.00%     297ns         1     297ns     297ns     297ns  cuDeviceComputeCapability
                    0.00%     277ns         1     277ns     277ns     277ns  cuCtxGetCurrent
 OpenACC (excl):   42.00%  175.86ms       100  1.7586ms  7.7970us  3.6285ms  acc_wait@gol.f90:30
                   32.57%  136.35ms        50  2.7270ms  31.728us  134.43ms  acc_exit_data@gol.f90:30
                   16.44%  68.816ms         1  68.816ms  68.816ms  68.816ms  acc_exit_data@gol.f90:26
                    6.01%  25.160ms         1  25.160ms  25.160ms  25.160ms  acc_enter_data@gol.f90:26
                    1.94%  8.1357ms         1  8.1357ms  8.1357ms  8.1357ms  acc_wait@gol.f90:61
                    0.33%  1.3767ms        50  27.534us  24.935us  45.771us  acc_enqueue_download@gol.f90:58
                    0.25%  1.0399ms        50  20.798us  18.233us  38.263us  acc_enqueue_launch@gol.f90:30 (gol_30_gpu)
                    0.11%  467.82us        50  9.3560us  7.5300us  14.942us  acc_wait@gol.f90:58
                    0.10%  401.10us        50  8.0220us  6.6640us  25.584us  acc_enqueue_upload@gol.f90:30
                    0.07%  304.54us        50  6.0900us  5.1670us  18.280us  acc_enter_data@gol.f90:30
                    0.07%  296.73us        50  5.9340us  5.0700us  10.682us  acc_enqueue_launch@gol.f90:30 (gol_30_gpu__red)
                    0.05%  193.20us         1  193.20us  193.20us  193.20us  acc_device_init@gol.f90:26
                    0.04%  182.62us        50  3.6520us  2.7510us  17.484us  acc_compute_construct@gol.f90:30
                    0.02%  67.194us         4  16.798us  8.4430us  30.365us  acc_enqueue_upload@gol.f90:26
                    0.00%  18.984us         2  9.4920us  8.5030us  10.481us  acc_enqueue_download@gol.f90:61
                    0.00%  6.0530us         1  6.0530us  6.0530us  6.0530us  acc_wait@gol.f90:26
                    0.00%       0ns         1       0ns       0ns       0ns  acc_alloc@gol.f90:30
                    0.00%       0ns         4       0ns       0ns       0ns  acc_create@gol.f90:26
                    0.00%       0ns        50       0ns       0ns       0ns  acc_delete@gol.f90:58
                    0.00%       0ns        50       0ns       0ns       0ns  acc_create@gol.f90:30
                    0.00%       0ns         4       0ns       0ns       0ns  acc_alloc@gol.f90:26
                    0.00%       0ns         4       0ns       0ns       0ns  acc_delete@gol.f90:61

======== CPU profiling result (bottom up):
Time(%)      Time  Name
 74.32%  19.0552s  ???
 74.32%  19.0552s  | start_thread
 74.32%  19.0552s  |   clone
 22.50%   5.7679s  MAIN_
 22.50%   5.7679s  | main
 22.50%   5.7679s  |   ???
  0.55%  140.93ms  cuDevicePrimaryCtxRetain
  0.55%  140.93ms  | __pgi_uacc_cuda_init_device
  0.55%  140.93ms  |   __pgi_uacc_cuda_select_valid
  0.55%  140.93ms  |     __pgi_uacc_select_devid
  0.55%  140.93ms  |       __pgi_uacc_dataenterstart2
  0.55%  140.93ms  |         MAIN_
  0.55%  140.93ms  |           main
  0.55%  140.93ms  |             ???
  0.43%  110.73ms  cuStreamSynchronize
  0.43%  110.73ms  | __pgi_uacc_cuda_wait
  0.43%  110.73ms  |   __pgi_uacc_computedone2
  0.43%  110.73ms  |     __pgi_uacc_computedone
  0.43%  110.73ms  |       MAIN_
  0.43%  110.73ms  |         main
  0.43%  110.73ms  |           ???
  0.31%  80.529ms  __kmp_release_queuing_lock
  0.31%  80.529ms  | _mp_v
  0.31%  80.529ms  |   gol_fill_world
  0.31%  80.529ms  |     MAIN_
  0.31%  80.529ms  |       main
  0.31%  80.529ms  |         ???
  0.24%  60.397ms  __pgi_int4_compare
  0.24%  60.397ms  | kompare
  0.24%  60.397ms  |   __pgi_compare
  0.24%  60.397ms  |     __pgi_uacc_usercompare1
  0.24%  60.397ms  |       do_compare
  0.24%  60.397ms  |         __pgi_uacc_excontig_recurse
  0.24%  60.397ms  |           __pgi_uacc_excontig_search
  0.24%  60.397ms  |             __pgi_uacc_usercompare_contiguous
  0.24%  60.397ms  |               __pgi_uacc_dataoffb2
  0.24%  60.397ms  |                 MAIN_
  0.24%  60.397ms  |                   main
  0.24%  60.397ms  |                     ???
  0.20%  50.331ms  __kmp_acquire_queuing_lock
  0.20%  50.331ms  | __kmpc_critical_with_hint
  0.20%  50.331ms  |   _mp_p
  0.20%  50.331ms  |     pghpf_rnumd_i8
  0.20%  50.331ms  |       gol_fill_world
  0.20%  50.331ms  |         MAIN_
  0.20%  50.331ms  |           main
  0.20%  50.331ms  |             ???
  0.16%  40.265ms  gol_fill_world
  0.16%  40.265ms  | MAIN_
  0.16%  40.265ms  |   main
  0.16%  40.265ms  |     ???
  0.16%  40.265ms  __kmpc_critical_with_hint
  0.16%  40.265ms  | _mp_p
  0.16%  40.265ms  |   pghpf_rnumd_i8
  0.16%  40.265ms  |     gol_fill_world
  0.16%  40.265ms  |       MAIN_
  0.16%  40.265ms  |         main
  0.16%  40.265ms  |           ???
  0.16%  40.265ms  cuDevicePrimaryCtxRelease
  0.16%  40.265ms  | __pgi_uacc_cuda_release_buffer
  0.16%  40.265ms  |   __run_exit_handlers
  0.16%  40.265ms  |     ???
  0.16%  40.265ms  |       main
  0.16%  40.265ms  |         ???
  0.16%  40.265ms  cuInit
  0.16%  40.265ms  | __pgi_uacc_cuda_init
  0.16%  40.265ms  |   __pgi_uacc_enumerate
  0.16%  40.265ms  |     __pgi_uacc_initialize
  0.16%  40.265ms  |       __pgi_uacc_dataenterstart2
  0.16%  40.265ms  |         MAIN_
  0.16%  40.265ms  |           main
  0.16%  40.265ms  |             ???
  0.16%  40.265ms  __tls_get_addr
  0.16%  40.265ms  | __kmp_get_global_thread_id_reg
  0.08%  20.132ms  |   _mp_v
  0.08%  20.132ms  |   | gol_fill_world
  0.08%  20.132ms  |   |   MAIN_
  0.08%  20.132ms  |   |     main
  0.08%  20.132ms  |   |       ???
  0.08%  20.132ms  |   _mp_p
  0.08%  20.132ms  |     pghpf_rnumd_i8
  0.08%  20.132ms  |       gol_fill_world
  0.08%  20.132ms  |         MAIN_
  0.08%  20.132ms  |           main
  0.08%  20.132ms  |             ???
  0.12%  30.198ms  _dl_update_slotinfo
  0.12%  30.198ms  | update_get_addr
  0.12%  30.198ms  |   __tls_get_addr
  0.12%  30.198ms  |     __kmp_get_global_thread_id_reg
  0.12%  30.198ms  |       _mp_p
  0.12%  30.198ms  |         pghpf_rnumd_i8
  0.12%  30.198ms  |           gol_fill_world
  0.12%  30.198ms  |             MAIN_
  0.12%  30.198ms  |               main
  0.12%  30.198ms  |                 ???
  0.08%  20.132ms  __kmp_get_global_thread_id_reg
  0.08%  20.132ms  | _mp_p
  0.08%  20.132ms  |   pghpf_rnumd_i8
  0.08%  20.132ms  |     gol_fill_world
  0.08%  20.132ms  |       MAIN_
  0.08%  20.132ms  |         main
  0.08%  20.132ms  |           ???
  0.08%  20.132ms  cuMemHostAlloc
  0.08%  20.132ms  | __pgi_uacc_cuda_get_buffer
  0.08%  20.132ms  |   __pgi_uacc_cuda_dataup1
  0.08%  20.132ms  |     __pgi_uacc_dataup1
  0.08%  20.132ms  |       __pgi_uacc_dataupx
  0.08%  20.132ms  |         __pgi_uacc_dataonb
  0.08%  20.132ms  |           MAIN_
  0.08%  20.132ms  |             main
  0.08%  20.132ms  |               ???
  0.04%  10.066ms  munmap
  0.04%  10.066ms  | MAIN_
  0.04%  10.066ms  |   main
  0.04%  10.066ms  |     ???
  0.04%  10.066ms  __kmpc_end_critical
  0.04%  10.066ms  | _mp_v
  0.04%  10.066ms  |   gol_fill_world
  0.04%  10.066ms  |     MAIN_
  0.04%  10.066ms  |       main
  0.04%  10.066ms  |         ???
  0.04%  10.066ms  _mp_v
  0.04%  10.066ms  | gol_fill_world
  0.04%  10.066ms  |   MAIN_
  0.04%  10.066ms  |     main
  0.04%  10.066ms  |       ???
  0.04%  10.066ms  __c_mcopy4_avx
  0.04%  10.066ms  | __pgi_uacc_cuda_drain_down
  0.04%  10.066ms  |   __pgi_uacc_cuda_get_buffer
  0.04%  10.066ms  |     __pgi_uacc_cuda_datadown1
  0.04%  10.066ms  |       __pgi_uacc_datadown1
  0.04%  10.066ms  |         __pgi_uacc_datadownx
  0.04%  10.066ms  |           __pgi_uacc_usercompare1
  0.04%  10.066ms  |             do_compare
  0.04%  10.066ms  |               __pgi_uacc_excontig_recurse
  0.04%  10.066ms  |                 __pgi_uacc_excontig_search
  0.04%  10.066ms  |                   __pgi_uacc_usercompare_contiguous
  0.04%  10.066ms  |                     __pgi_uacc_dataoffb2
  0.04%  10.066ms  |                       MAIN_
  0.04%  10.066ms  |                         main
  0.04%  10.066ms  |                           ???
  0.04%  10.066ms  _mp_p
  0.04%  10.066ms  | pghpf_rnumd_i8
  0.04%  10.066ms  |   gol_fill_world
  0.04%  10.066ms  |     MAIN_
  0.04%  10.066ms  |       main
  0.04%  10.066ms  |         ???
  0.04%  10.066ms  cuMemFreeHost
  0.04%  10.066ms  | __pgi_uacc_cuda_free_device_buffers
  0.04%  10.066ms  |   __pgi_uacc_cuda_release_buffer
  0.04%  10.066ms  |     __run_exit_handlers
  0.04%  10.066ms  |       ???
  0.04%  10.066ms  |         main
  0.04%  10.066ms  |           ???
  0.04%  10.066ms  update_get_addr
  0.04%  10.066ms  | __tls_get_addr
  0.04%  10.066ms  |   __kmp_get_global_thread_id_reg
  0.04%  10.066ms  |     _mp_v
  0.04%  10.066ms  |       gol_fill_world
  0.04%  10.066ms  |         MAIN_
  0.04%  10.066ms  |           main
  0.04%  10.066ms  |             ???
  0.04%  10.066ms  __write
  0.04%  10.066ms  | _IO_file_write@@GLIBC_2.2.5
  0.04%  10.066ms  |   _IO_file_xsputn@@GLIBC_2.2.5
  0.04%  10.066ms  |     buffered_vfprintf
  0.04%  10.066ms  |       _IO_vfprintf
  0.04%  10.066ms  |         _IO_fprintf
  0.04%  10.066ms  |           __pgi_int4_compare
  0.04%  10.066ms  |             kompare
  0.04%  10.066ms  |               __pgi_compare
  0.04%  10.066ms  |                 __pgi_uacc_usercompare1
  0.04%  10.066ms  |                   do_compare
  0.04%  10.066ms  |                     __pgi_uacc_excontig_recurse
  0.04%  10.066ms  |                       __pgi_uacc_excontig_search
  0.04%  10.066ms  |                         __pgi_uacc_usercompare_contiguous
  0.04%  10.066ms  |                           __pgi_uacc_dataoffb2
  0.04%  10.066ms  |                             MAIN_
  0.04%  10.066ms  |                               main
  0.04%  10.066ms  |                                 ???
  0.04%  10.066ms  ???
  0.04%  10.066ms  | gol_fill_world
  0.04%  10.066ms  |   MAIN_
  0.04%  10.066ms  |     main
  0.04%  10.066ms  |       ???
  0.04%  10.066ms  ???
  0.04%  10.066ms    _mp_v
  0.04%  10.066ms      gol_fill_world
  0.04%  10.066ms        MAIN_
  0.04%  10.066ms          main
  0.04%  10.066ms            ???

======== Data collected at 100Hz frequency
