Timing may be affected by asynchronous behavior
set PGI_ACC_SYNCHRONOUS to 1 to disable async() clauses
async  NVIDIA  devicenum=0
time(us): 22
25: data region reached 1 time
31: compute region reached 1 time
 31: kernel launched 1 time
  grid: [79]  block: [128]
   device time(us): total=4 max=4 min=4 avg=4
  elapsed time(us): total=369 max=369 min=369 avg=369
31: data region reached 2 times
37: update directive reached 1 time
 37: data copyin transfers: 1
  device time(us): total=15 max=15 min=15 avg=15
38: compute region reached 1 time
 38: kernel launched 1 time
  grid: [79]  block: [128]
   device time(us): total=3 max=3 min=3 avg=3
  elapsed time(us): total=33 max=33 min=33 avg=33
38: data region reached 2 times
42: data region reached 1 time
