
Accelerator Kernel Timing data
    Timing may be affected by asynchronous behavior
    set PGI_ACC_SYNCHRONOUS to 1 to disable async() clauses
/home/cjunqueira/Documents/boulot/trainning/idris/openacc/examples/async/async-3/async-3.f90
  async  NVIDIA  devicenum=0
    time(us): 23
    27: data region reached 1 time
    34: compute region reached 1 time
        34: kernel launched 1 time
            grid: [79]  block: [128]
             device time(us): total=4 max=4 min=4 avg=4
            elapsed time(us): total=373 max=373 min=373 avg=373
    34: data region reached 2 times
    40: update directive reached 1 time
        40: data copyin transfers: 1
             device time(us): total=16 max=16 min=16 avg=16
    42: compute region reached 1 time
        42: kernel launched 1 time
            grid: [79]  block: [128]
             device time(us): total=3 max=3 min=3 avg=3
            elapsed time(us): total=33 max=33 min=33 avg=33
    42: data region reached 2 times
    47: data region reached 1 time
