==22327== PGPROF is profiling process 22327, command: ./async-3.exec
==22327== Profiling application: ./async-3.exec
==22327== Profiling result:
            Type  Time(%)      Time     Calls       Avg       Min       Max  Name
 GPU activities:   53.71%  5.7920us         1  5.7920us  5.7920us  5.7920us  [CUDA memcpy HtoD]
                   29.38%  3.1680us         1  3.1680us  3.1680us  3.1680us  async_31_gpu
                   16.91%  1.8240us         1  1.8240us  1.8240us  1.8240us  async_38_gpu
      API calls:   59.52%  122.78ms         1  122.78ms  122.78ms  122.78ms  cuDevicePrimaryCtxRetain
                   23.47%  48.419ms         1  48.419ms  48.419ms  48.419ms  cuDevicePrimaryCtxRelease
                    8.95%  18.468ms         1  18.468ms  18.468ms  18.468ms  cuMemHostAlloc
                    6.78%  13.984ms         1  13.984ms  13.984ms  13.984ms  cuMemFreeHost
                    0.89%  1.8320ms         4  457.99us  6.8410us  984.18us  cuMemAllocHost
                    0.21%  426.79us         7  60.969us  4.9640us  154.22us  cuMemAlloc
                    0.10%  196.95us         1  196.95us  196.95us  196.95us  cuModuleLoadDataEx
                    0.03%  68.245us         2  34.122us  24.428us  43.817us  cuLaunchKernel
                    0.02%  37.494us         4  9.3730us  5.4050us  12.187us  cuStreamCreate
                    0.01%  22.348us         1  22.348us  22.348us  22.348us  cuMemcpyHtoDAsync
                    0.01%  10.515us         3  3.5050us     329ns  8.8170us  cuCtxSetCurrent
                    0.00%  9.6010us         3  3.2000us     815ns  7.5610us  cuPointerGetAttributes
                    0.00%  5.9380us         1  5.9380us  5.9380us  5.9380us  cuDeviceGetPCIBusId
                    0.00%  4.7660us         3  1.5880us     549ns  3.1070us  cuEventCreate
                    0.00%  3.7680us         2  1.8840us     412ns  3.3560us  cuModuleGetFunction
                    0.00%  1.2900us         3     430ns     103ns  1.0500us  cuDeviceGetCount
                    0.00%  1.1000us         4     275ns     126ns     464ns  cuDeviceGetAttribute
                    0.00%     482ns         2     241ns     138ns     344ns  cuDeviceGet
                    0.00%     192ns         1     192ns     192ns     192ns  cuDeviceComputeCapability
                    0.00%     166ns         1     166ns     166ns     166ns  cuCtxGetCurrent
                    0.00%     147ns         1     147ns     147ns     147ns  cuDriverGetVersion
 OpenACC (excl):   95.22%  19.507ms         1  19.507ms  19.507ms  19.507ms  acc_update@async-3.f90:37
                    1.35%  276.86us         1  276.86us  276.86us  276.86us  acc_device_init@async-3.f90:25
                    0.99%  202.60us         1  202.60us  202.60us  202.60us  acc_compute_construct@async-3.f90:31
                    0.94%  193.49us         1  193.49us  193.49us  193.49us  acc_enter_data@async-3.f90:25
                    0.73%  150.34us         1  150.34us  150.34us  150.34us  acc_compute_construct@async-3.f90:38
                    0.25%  51.002us         1  51.002us  51.002us  51.002us  acc_enqueue_launch@async-3.f90:31 (async_31_gpu)
                    0.15%  29.914us         1  29.914us  29.914us  29.914us  acc_enqueue_upload@async-3.f90:37
                    0.14%  28.232us         1  28.232us  28.232us  28.232us  acc_enqueue_launch@async-3.f90:38 (async_38_gpu)
                    0.12%  25.404us         1  25.404us  25.404us  25.404us  acc_exit_data@async-3.f90:42
                    0.03%  6.9210us         1  6.9210us  6.9210us  6.9210us  acc_exit_data@async-3.f90:31
                    0.03%  6.3520us         1  6.3520us  6.3520us  6.3520us  acc_exit_data@async-3.f90:38
                    0.02%  4.7630us         1  4.7630us  4.7630us  4.7630us  acc_enter_data@async-3.f90:38
                    0.02%  3.3640us         1  3.3640us  3.3640us  3.3640us  acc_enter_data@async-3.f90:31
                    0.00%       0ns         3       0ns       0ns       0ns  acc_alloc@async-3.f90:25
                    0.00%       0ns         3       0ns       0ns       0ns  acc_delete@async-3.f90:42
                    0.00%       0ns         3       0ns       0ns       0ns  acc_create@async-3.f90:25

======== CPU profiling result (bottom up):
Time(%)      Time  Name
 77.88%  860.34ms  ???
 77.88%  860.34ms  | start_thread
 77.88%  860.34ms  |   clone
 12.50%  138.08ms  cuDevicePrimaryCtxRetain
 12.50%  138.08ms  | __pgi_uacc_cuda_init_device
 12.50%  138.08ms  |   __pgi_uacc_cuda_select_valid
 12.50%  138.08ms  |     __pgi_uacc_select_devid
 12.50%  138.08ms  |       __pgi_uacc_dataenterstart2
 12.50%  138.08ms  |         MAIN_
 12.50%  138.08ms  |           main
 12.50%  138.08ms  |             ???
  4.81%  53.108ms  cuDevicePrimaryCtxRelease
  4.81%  53.108ms  | __pgi_uacc_cuda_release_buffer
  4.81%  53.108ms  |   __run_exit_handlers
  4.81%  53.108ms  |     ???
  4.81%  53.108ms  |       main
  4.81%  53.108ms  |         ???
  2.88%  31.865ms  cuInit
  2.88%  31.865ms  | __pgi_uacc_cuda_init
  2.88%  31.865ms  |   __pgi_uacc_enumerate
  2.88%  31.865ms  |     __pgi_uacc_initialize
  2.88%  31.865ms  |       __pgi_uacc_dataenterstart2
  2.88%  31.865ms  |         MAIN_
  2.88%  31.865ms  |           main
  2.88%  31.865ms  |             ???
  0.96%  10.622ms  cuMemFreeHost
  0.96%  10.622ms  | __pgi_uacc_cuda_free_device_buffers
  0.96%  10.622ms  |   __pgi_uacc_cuda_release_buffer
  0.96%  10.622ms  |     __run_exit_handlers
  0.96%  10.622ms  |       ???
  0.96%  10.622ms  |         main
  0.96%  10.622ms  |           ???
  0.96%  10.622ms  cuMemHostAlloc
  0.96%  10.622ms    __pgi_uacc_cuda_get_buffer
  0.96%  10.622ms      __pgi_uacc_cuda_dataup1
  0.96%  10.622ms        __pgi_uacc_dataup1
  0.96%  10.622ms          __pgi_uacc_dataupx
  0.96%  10.622ms            __pgi_uacc_dataupa
  0.96%  10.622ms              MAIN_
  0.96%  10.622ms                main
  0.96%  10.622ms                  ???

======== Data collected at 100Hz frequency
