==27824== PGPROF is profiling process 27824, command: ./loop_coalescing-vec.exec
==27824== Profiling application: ./loop_coalescing-vec.exec
==27824== Profiling result:
            Type  Time(%)      Time     Calls       Avg       Min       Max  Name
 GPU activities:   88.40%  31.486ms        24  1.3119ms  1.1123ms  1.3482ms  [CUDA memcpy DtoH]
                   11.60%  4.1313ms         1  4.1313ms  4.1313ms  4.1313ms  loop_22_gpu
      API calls:   47.67%  110.04ms         1  110.04ms  110.04ms  110.04ms  cuDevicePrimaryCtxRetain
                   25.29%  58.368ms         1  58.368ms  58.368ms  58.368ms  cuDevicePrimaryCtxRelease
                   13.87%  32.014ms        46  695.95us     835ns  2.9183ms  cuEventSynchronize
                    6.47%  14.928ms         1  14.928ms  14.928ms  14.928ms  cuMemHostAlloc
                    3.71%  8.5697ms         1  8.5697ms  8.5697ms  8.5697ms  cuMemFreeHost
                    2.36%  5.4394ms         2  2.7197ms  1.3043ms  4.1351ms  cuStreamSynchronize
                    0.26%  589.85us         1  589.85us  589.85us  589.85us  cuMemAllocHost
                    0.21%  486.12us         2  243.06us  88.058us  398.06us  cuMemAlloc
                    0.07%  152.34us        24  6.3470us  3.5420us  18.620us  cuMemcpyDtoHAsync
                    0.04%  91.080us        47  1.9370us     767ns  7.3190us  cuEventRecord
                    0.04%  82.796us         1  82.796us  82.796us  82.796us  cuModuleLoadDataEx
                    0.01%  23.708us         1  23.708us  23.708us  23.708us  cuLaunchKernel
                    0.00%  8.1200us         1  8.1200us  8.1200us  8.1200us  cuStreamCreate
                    0.00%  7.7050us         3  2.5680us     198ns  6.7330us  cuCtxSetCurrent
                    0.00%  6.2700us         3  2.0900us     278ns  3.2080us  cuEventCreate
                    0.00%  6.2260us         1  6.2260us  6.2260us  6.2260us  cuDeviceGetPCIBusId
                    0.00%  2.4540us         1  2.4540us  2.4540us  2.4540us  cuPointerGetAttributes
                    0.00%  1.7220us         1  1.7220us  1.7220us  1.7220us  cuModuleGetFunction
                    0.00%  1.4340us         3     478ns      98ns  1.2260us  cuDeviceGetCount
                    0.00%  1.1480us         4     287ns     118ns     601ns  cuDeviceGetAttribute
                    0.00%     480ns         2     240ns     105ns     375ns  cuDeviceGet
                    0.00%     156ns         1     156ns     156ns     156ns  cuCtxGetCurrent
                    0.00%     155ns         1     155ns     155ns     155ns  cuDeviceComputeCapability
                    0.00%     128ns         1     128ns     128ns     128ns  cuDriverGetVersion
 OpenACC (excl):   94.00%  204.66ms         1  204.66ms  204.66ms  204.66ms  acc_exit_data@loop_coalescing-vec.f90:22
                    3.71%  8.0861ms         1  8.0861ms  8.0861ms  8.0861ms  acc_wait@loop_coalescing-vec.f90:30
                    1.90%  4.1374ms         1  4.1374ms  4.1374ms  4.1374ms  acc_wait@loop_coalescing-vec.f90:22
                    0.20%  442.68us         1  442.68us  442.68us  442.68us  acc_enter_data@loop_coalescing-vec.f90:22
                    0.11%  241.39us        24  10.057us  5.8040us  41.220us  acc_enqueue_download@loop_coalescing-vec.f90:30
                    0.05%  113.06us         1  113.06us  113.06us  113.06us  acc_device_init@loop_coalescing-vec.f90:22
                    0.01%  27.927us         1  27.927us  27.927us  27.927us  acc_enqueue_launch@loop_coalescing-vec.f90:22 (loop_22_gpu)
                    0.00%  10.145us         1  10.145us  10.145us  10.145us  acc_compute_construct@loop_coalescing-vec.f90:22
                    0.00%       0ns         1       0ns       0ns       0ns  acc_alloc@loop_coalescing-vec.f90:22
                    0.00%       0ns         1       0ns       0ns       0ns  acc_create@loop_coalescing-vec.f90:22
                    0.00%       0ns         1       0ns       0ns       0ns  acc_delete@loop_coalescing-vec.f90:30

======== CPU profiling result (bottom up):
Time(%)      Time  Name
 75.68%  1.46081s  ???
 75.68%  1.46081s  | start_thread
 75.68%  1.46081s  |   clone
  9.73%  187.82ms  __c_mcopy4_avx
  9.73%  187.82ms  | __pgi_uacc_cuda_drain_down
  9.19%  177.38ms  |   __pgi_uacc_cuda_get_buffer
  9.19%  177.38ms  |   | __pgi_uacc_cuda_datadown1
  9.19%  177.38ms  |   |   __pgi_uacc_datadown1
  9.19%  177.38ms  |   |     __pgi_uacc_datadownx
  9.19%  177.38ms  |   |       __pgi_uacc_dataoffb2
  9.19%  177.38ms  |   |         MAIN_
  9.19%  177.38ms  |   |           main
  9.19%  177.38ms  |   |             ???
  0.54%  10.434ms  |   __pgi_uacc_cuda_wait
  0.54%  10.434ms  |     __pgi_uacc_dataexitdone
  0.54%  10.434ms  |       MAIN_
  0.54%  10.434ms  |         main
  0.54%  10.434ms  |           ???
  5.95%  114.78ms  cuDevicePrimaryCtxRetain
  5.95%  114.78ms  | __pgi_uacc_cuda_init_device
  5.95%  114.78ms  |   __pgi_uacc_cuda_select_valid
  5.95%  114.78ms  |     __pgi_uacc_select_devid
  5.95%  114.78ms  |       __pgi_uacc_enter
  5.95%  114.78ms  |         MAIN_
  5.95%  114.78ms  |           main
  5.95%  114.78ms  |             ???
  3.24%  62.606ms  cuDevicePrimaryCtxRelease
  3.24%  62.606ms  | __pgi_uacc_cuda_release_buffer
  3.24%  62.606ms  |   __run_exit_handlers
  3.24%  62.606ms  |     ???
  3.24%  62.606ms  |       main
  3.24%  62.606ms  |         ???
  2.70%  52.172ms  cuInit
  2.70%  52.172ms  | __pgi_uacc_cuda_init
  2.70%  52.172ms  |   __pgi_uacc_enumerate
  2.70%  52.172ms  |     __pgi_uacc_initialize
  2.70%  52.172ms  |       __pgi_uacc_enter
  2.70%  52.172ms  |         MAIN_
  2.70%  52.172ms  |           main
  2.70%  52.172ms  |             ???
  1.08%  20.869ms  cuEventSynchronize
  1.08%  20.869ms  | __pgi_uacc_cuda_drain_down
  1.08%  20.869ms  |   __pgi_uacc_cuda_get_buffer
  1.08%  20.869ms  |     __pgi_uacc_cuda_datadown1
  1.08%  20.869ms  |       __pgi_uacc_datadown1
  1.08%  20.869ms  |         __pgi_uacc_datadownx
  1.08%  20.869ms  |           __pgi_uacc_dataoffb2
  1.08%  20.869ms  |             MAIN_
  1.08%  20.869ms  |               main
  1.08%  20.869ms  |                 ???
  0.54%  10.434ms  cuMemHostAlloc
  0.54%  10.434ms  | __pgi_uacc_cuda_get_buffer
  0.54%  10.434ms  |   __pgi_uacc_cuda_datadown1
  0.54%  10.434ms  |     __pgi_uacc_datadown1
  0.54%  10.434ms  |       __pgi_uacc_datadownx
  0.54%  10.434ms  |         __pgi_uacc_dataoffb2
  0.54%  10.434ms  |           MAIN_
  0.54%  10.434ms  |             main
  0.54%  10.434ms  |               ???
  0.54%  10.434ms  cuMemFreeHost
  0.54%  10.434ms  | __pgi_uacc_cuda_free_device_buffers
  0.54%  10.434ms  |   __pgi_uacc_cuda_release_buffer
  0.54%  10.434ms  |     __run_exit_handlers
  0.54%  10.434ms  |       ???
  0.54%  10.434ms  |         main
  0.54%  10.434ms  |           ???
  0.54%  10.434ms  cuStreamSynchronize
  0.54%  10.434ms    __pgi_uacc_cuda_wait
  0.54%  10.434ms      __pgi_uacc_computedone2
  0.54%  10.434ms        __pgi_uacc_computedone
  0.54%  10.434ms          MAIN_
  0.54%  10.434ms            main
  0.54%  10.434ms              ???

======== Data collected at 100Hz frequency
