==7581== PGPROF is profiling process 7581, command: ./module.exec
==7581== Profiling application: ./module.exec
==7581== Profiling result:
            Type  Time(%)      Time     Calls       Avg       Min       Max  Name
 GPU activities:   76.68%  5.4720us         1  5.4720us  5.4720us  5.4720us  [CUDA memcpy DtoH]
                   23.32%  1.6640us         1  1.6640us  1.6640us  1.6640us  loop_13_gpu
      API calls:   62.66%  123.32ms         1  123.32ms  123.32ms  123.32ms  cuDevicePrimaryCtxRetain
                   24.15%  47.530ms         1  47.530ms  47.530ms  47.530ms  cuDevicePrimaryCtxRelease
                    7.78%  15.307ms         1  15.307ms  15.307ms  15.307ms  cuMemHostAlloc
                    4.97%  9.7884ms         1  9.7884ms  9.7884ms  9.7884ms  cuMemFreeHost
                    0.30%  589.97us         1  589.97us  589.97us  589.97us  cuMemAllocHost
                    0.05%  99.752us         2  49.876us  4.9360us  94.816us  cuMemAlloc
                    0.04%  72.926us         1  72.926us  72.926us  72.926us  cuModuleLoadDataEx
                    0.01%  23.005us         1  23.005us  23.005us  23.005us  cuLaunchKernel
                    0.01%  18.608us         1  18.608us  18.608us  18.608us  cuMemcpyDtoHAsync
                    0.00%  9.7350us         1  9.7350us  9.7350us  9.7350us  cuStreamCreate
                    0.00%  8.9400us         2  4.4700us  4.3610us  4.5790us  cuStreamSynchronize
                    0.00%  8.6420us         3  2.8800us     173ns  8.0260us  cuCtxSetCurrent
                    0.00%  6.1830us         1  6.1830us  6.1830us  6.1830us  cuDeviceGetPCIBusId
                    0.00%  3.3360us         1  3.3360us  3.3360us  3.3360us  cuEventRecord
                    0.00%  3.0570us         2  1.5280us     277ns  2.7800us  cuEventCreate
                    0.00%  2.5720us         1  2.5720us  2.5720us  2.5720us  cuPointerGetAttributes
                    0.00%  2.1930us         3     731ns     147ns  1.8180us  cuDeviceGetCount
                    0.00%  1.6770us         1  1.6770us  1.6770us  1.6770us  cuModuleGetFunction
                    0.00%  1.1720us         4     293ns     168ns     408ns  cuDeviceGetAttribute
                    0.00%  1.0230us         2     511ns     313ns     710ns  cuDeviceGet
                    0.00%     923ns         1     923ns     923ns     923ns  cuDriverGetVersion
                    0.00%     819ns         1     819ns     819ns     819ns  cuEventSynchronize
                    0.00%     291ns         1     291ns     291ns     291ns  cuDeviceComputeCapability
                    0.00%     242ns         1     242ns     242ns     242ns  cuCtxGetCurrent
 OpenACC (excl):   98.35%  15.341ms         1  15.341ms  15.341ms  15.341ms  acc_exit_data@module.f90:13
                    0.62%  97.031us         1  97.031us  97.031us  97.031us  acc_device_init@module.f90:13
                    0.30%  47.536us         1  47.536us  47.536us  47.536us  acc_enter_data@module.f90:13
                    0.26%  40.565us         1  40.565us  40.565us  40.565us  acc_enqueue_download@module.f90:17
                    0.18%  28.663us         1  28.663us  28.663us  28.663us  acc_wait@module.f90:17
                    0.18%  27.425us         1  27.425us  27.425us  27.425us  acc_enqueue_launch@module.f90:13 (loop_13_gpu)
                    0.06%  10.049us         1  10.049us  10.049us  10.049us  acc_compute_construct@module.f90:13
                    0.04%  6.0800us         1  6.0800us  6.0800us  6.0800us  acc_wait@module.f90:13
                    0.00%       0ns         1       0ns       0ns       0ns  acc_delete@module.f90:17
                    0.00%       0ns         1       0ns       0ns       0ns  acc_alloc@module.f90:13
                    0.00%       0ns         1       0ns       0ns       0ns  acc_create@module.f90:13

======== CPU profiling result (bottom up):
Time(%)      Time  Name
 75.49%  813.15ms  ???
 75.49%  813.15ms  | start_thread
 75.49%  813.15ms  |   clone
 12.75%  137.28ms  cuDevicePrimaryCtxRetain
 12.75%  137.28ms  | __pgi_uacc_cuda_init_device
 12.75%  137.28ms  |   __pgi_uacc_cuda_select_valid
 12.75%  137.28ms  |     __pgi_uacc_select_devid
 12.75%  137.28ms  |       __pgi_uacc_enter
 12.75%  137.28ms  |         MAIN_
 12.75%  137.28ms  |           main
 12.75%  137.28ms  |             ???
  4.90%  52.802ms  cuDevicePrimaryCtxRelease
  4.90%  52.802ms  | __pgi_uacc_cuda_release_buffer
  4.90%  52.802ms  |   __run_exit_handlers
  4.90%  52.802ms  |     ???
  4.90%  52.802ms  |       main
  4.90%  52.802ms  |         ???
  4.90%  52.802ms  cuInit
  4.90%  52.802ms  | __pgi_uacc_cuda_init
  4.90%  52.802ms  |   __pgi_uacc_enumerate
  4.90%  52.802ms  |     __pgi_uacc_initialize
  4.90%  52.802ms  |       __pgi_uacc_enter
  4.90%  52.802ms  |         MAIN_
  4.90%  52.802ms  |           main
  4.90%  52.802ms  |             ???
  0.98%   10.56ms  cuMemFreeHost
  0.98%   10.56ms  | __pgi_uacc_cuda_free_device_buffers
  0.98%   10.56ms  |   __pgi_uacc_cuda_release_buffer
  0.98%   10.56ms  |     __run_exit_handlers
  0.98%   10.56ms  |       ???
  0.98%   10.56ms  |         main
  0.98%   10.56ms  |           ???
  0.98%   10.56ms  cuMemHostAlloc
  0.98%   10.56ms    __pgi_uacc_cuda_get_buffer
  0.98%   10.56ms      __pgi_uacc_cuda_datadown1
  0.98%   10.56ms        __pgi_uacc_datadown1
  0.98%   10.56ms          __pgi_uacc_datadownx
  0.98%   10.56ms            __pgi_uacc_dataoffb2
  0.98%   10.56ms              MAIN_
  0.98%   10.56ms                main
  0.98%   10.56ms                  ???

======== Data collected at 100Hz frequency
