==18529== PGPROF is profiling process 18529, command: ./async-1.exec
==18529== Profiling application: ./async-1.exec
==18529== Profiling result:
            Type  Time(%)      Time     Calls       Avg       Min       Max  Name
 GPU activities:   54.28%  5.8880us         1  5.8880us  5.8880us  5.8880us  [CUDA memcpy HtoD]
                   28.91%  3.1360us         1  3.1360us  3.1360us  3.1360us  async_31_gpu
                   16.81%  1.8240us         1  1.8240us  1.8240us  1.8240us  async_38_gpu
      API calls:   62.25%  138.88ms         1  138.88ms  138.88ms  138.88ms  cuDevicePrimaryCtxRetain
                   22.44%  50.063ms         1  50.063ms  50.063ms  50.063ms  cuDevicePrimaryCtxRelease
                    8.11%  18.094ms         1  18.094ms  18.094ms  18.094ms  cuMemHostAlloc
                    5.85%  13.044ms         1  13.044ms  13.044ms  13.044ms  cuMemFreeHost
                    1.15%  2.5659ms         2  1.2829ms  4.8060us  2.5611ms  cuMemAllocHost
                    0.10%  216.94us         5  43.387us  2.5220us  108.88us  cuMemAlloc
                    0.05%  101.60us         1  101.60us  101.60us  101.60us  cuModuleLoadDataEx
                    0.02%  53.709us         2  26.854us  19.115us  34.594us  cuLaunchKernel
                    0.01%  21.172us         1  21.172us  21.172us  21.172us  cuMemcpyHtoDAsync
                    0.01%  15.913us         2  7.9560us  6.2020us  9.7110us  cuStreamCreate
                    0.01%  13.486us         2  6.7430us  6.4230us  7.0630us  cuStreamSynchronize
                    0.00%  8.1030us         3  2.7010us     192ns  7.1900us  cuCtxSetCurrent
                    0.00%  5.9940us         1  5.9940us  5.9940us  5.9940us  cuDeviceGetPCIBusId
                    0.00%  3.7200us         4     930ns     432ns  1.9790us  cuDeviceGetAttribute
                    0.00%  3.1200us         3  1.0400us     274ns  2.4590us  cuPointerGetAttributes
                    0.00%  3.0310us         3  1.0100us     248ns  2.1030us  cuDeviceGetCount
                    0.00%  2.8290us         2  1.4140us     204ns  2.6250us  cuModuleGetFunction
                    0.00%  2.1970us         1  2.1970us  2.1970us  2.1970us  cuEventCreate
                    0.00%  1.5060us         2     753ns     333ns  1.1730us  cuDeviceGet
                    0.00%     596ns         1     596ns     596ns     596ns  cuDeviceComputeCapability
                    0.00%     505ns         1     505ns     505ns     505ns  cuCtxGetCurrent
                    0.00%     391ns         1     391ns     391ns     391ns  cuDriverGetVersion
 OpenACC (excl):   97.42%  18.133ms         1  18.133ms  18.133ms  18.133ms  acc_update@async-1.f90:37
                    0.74%  136.88us         1  136.88us  136.88us  136.88us  acc_compute_construct@async-1.f90:31
                    0.71%  131.82us         1  131.82us  131.82us  131.82us  acc_device_init@async-1.f90:25
                    0.38%  69.884us         1  69.884us  69.884us  69.884us  acc_enter_data@async-1.f90:25
                    0.22%  40.451us         1  40.451us  40.451us  40.451us  acc_enqueue_launch@async-1.f90:31 (async_31_gpu)
                    0.16%  28.863us         1  28.863us  28.863us  28.863us  acc_enqueue_upload@async-1.f90:37
                    0.12%  22.112us         1  22.112us  22.112us  22.112us  acc_enqueue_launch@async-1.f90:38 (async_38_gpu)
                    0.10%  18.947us         1  18.947us  18.947us  18.947us  acc_exit_data@async-1.f90:42
                    0.04%  7.8090us         1  7.8090us  7.8090us  7.8090us  acc_wait@async-1.f90:37
                    0.04%  7.7320us         1  7.7320us  7.7320us  7.7320us  acc_wait@async-1.f90:38
                    0.02%  4.4790us         1  4.4790us  4.4790us  4.4790us  acc_exit_data@async-1.f90:31
                    0.02%  3.1480us         1  3.1480us  3.1480us  3.1480us  acc_enter_data@async-1.f90:38
                    0.02%  2.9740us         1  2.9740us  2.9740us  2.9740us  acc_compute_construct@async-1.f90:38
                    0.01%  2.7700us         1  2.7700us  2.7700us  2.7700us  acc_enter_data@async-1.f90:31
                    0.01%  1.5740us         1  1.5740us  1.5740us  1.5740us  acc_exit_data@async-1.f90:38
                    0.00%       0ns         3       0ns       0ns       0ns  acc_alloc@async-1.f90:25
                    0.00%       0ns         3       0ns       0ns       0ns  acc_delete@async-1.f90:42
                    0.00%       0ns         3       0ns       0ns       0ns  acc_create@async-1.f90:25

======== CPU profiling result (bottom up):
Time(%)      Time  Name
 77.36%  891.97ms  ???
 77.36%  891.97ms  | start_thread
 77.36%  891.97ms  |   clone
 12.26%  141.41ms  cuDevicePrimaryCtxRetain
 12.26%  141.41ms  | __pgi_uacc_cuda_init_device
 12.26%  141.41ms  |   __pgi_uacc_cuda_select_valid
 12.26%  141.41ms  |     __pgi_uacc_select_devid
 12.26%  141.41ms  |       __pgi_uacc_dataenterstart2
 12.26%  141.41ms  |         MAIN_
 12.26%  141.41ms  |           main
 12.26%  141.41ms  |             ???
  4.72%  54.388ms  cuDevicePrimaryCtxRelease
  4.72%  54.388ms  | __pgi_uacc_cuda_release_buffer
  4.72%  54.388ms  |   __run_exit_handlers
  4.72%  54.388ms  |     ???
  4.72%  54.388ms  |       main
  4.72%  54.388ms  |         ???
  3.77%  43.511ms  cuInit
  3.77%  43.511ms  | __pgi_uacc_cuda_init
  3.77%  43.511ms  |   __pgi_uacc_enumerate
  3.77%  43.511ms  |     __pgi_uacc_initialize
  3.77%  43.511ms  |       __pgi_uacc_dataenterstart2
  3.77%  43.511ms  |         MAIN_
  3.77%  43.511ms  |           main
  3.77%  43.511ms  |             ???
  0.94%  10.878ms  cuMemFreeHost
  0.94%  10.878ms  | __pgi_uacc_cuda_free_device_buffers
  0.94%  10.878ms  |   __pgi_uacc_cuda_release_buffer
  0.94%  10.878ms  |     __run_exit_handlers
  0.94%  10.878ms  |       ???
  0.94%  10.878ms  |         main
  0.94%  10.878ms  |           ???
  0.94%  10.878ms  cuMemHostAlloc
  0.94%  10.878ms    __pgi_uacc_cuda_get_buffer
  0.94%  10.878ms      __pgi_uacc_cuda_dataup1
  0.94%  10.878ms        __pgi_uacc_dataup1
  0.94%  10.878ms          __pgi_uacc_dataupx
  0.94%  10.878ms            __pgi_uacc_dataupa
  0.94%  10.878ms              MAIN_
  0.94%  10.878ms                main
  0.94%  10.878ms                  ???

======== Data collected at 100Hz frequency
