
Accelerator Kernel Timing data
    Timing may be affected by asynchronous behavior
    set PGI_ACC_SYNCHRONOUS to 1 to disable async() clauses
/home/cjunqueira/Documents/boulot/trainning/idris/openacc/examples/async/async-2/async-2.f90
  async  NVIDIA  devicenum=0
    time(us): 21
    27: data region reached 1 time
    34: compute region reached 1 time
        34: kernel launched 1 time
            grid: [79]  block: [128]
             device time(us): total=4 max=4 min=4 avg=4
            elapsed time(us): total=351 max=351 min=351 avg=351
    34: data region reached 2 times
    40: update directive reached 1 time
        40: data copyin transfers: 1
             device time(us): total=12 max=12 min=12 avg=12
    42: compute region reached 1 time
        42: kernel launched 1 time
            grid: [79]  block: [128]
             device time(us): total=5 max=5 min=5 avg=5
            elapsed time(us): total=34 max=34 min=34 avg=34
    42: data region reached 2 times
    47: data region reached 1 time
