==7037== PGPROF is profiling process 7037, command: ./async-2.exec
==7037== Profiling application: ./async-2.exec
==7037== Profiling result:
            Type  Time(%)      Time     Calls       Avg       Min       Max  Name
 GPU activities:   53.82%  5.8560us         1  5.8560us  5.8560us  5.8560us  [CUDA memcpy HtoD]
                   28.82%  3.1360us         1  3.1360us  3.1360us  3.1360us  async_31_gpu
                   17.35%  1.8880us         1  1.8880us  1.8880us  1.8880us  async_38_gpu
      API calls:   61.15%  119.91ms         1  119.91ms  119.91ms  119.91ms  cuDevicePrimaryCtxRetain
                   23.70%  46.474ms         1  46.474ms  46.474ms  46.474ms  cuDevicePrimaryCtxRelease
                    8.48%  16.625ms         1  16.625ms  16.625ms  16.625ms  cuMemHostAlloc
                    5.82%  11.413ms         1  11.413ms  11.413ms  11.413ms  cuMemFreeHost
                    0.64%  1.2490ms         3  416.34us  4.1390us  636.57us  cuMemAllocHost
                    0.10%  198.32us         6  33.053us  2.3730us  93.021us  cuMemAlloc
                    0.05%  97.386us         1  97.386us  97.386us  97.386us  cuModuleLoadDataEx
                    0.02%  44.192us         2  22.096us  20.470us  23.722us  cuLaunchKernel
                    0.01%  19.479us         1  19.479us  19.479us  19.479us  cuMemcpyHtoDAsync
                    0.01%  15.238us         3  5.0790us  3.0830us  8.5310us  cuStreamCreate
                    0.00%  7.5960us         3  2.5320us     200ns  6.8480us  cuCtxSetCurrent
                    0.00%  5.4360us         1  5.4360us  5.4360us  5.4360us  cuDeviceGetPCIBusId
                    0.00%  5.2130us         1  5.2130us  5.2130us  5.2130us  cuStreamSynchronize
                    0.00%  3.0230us         3  1.0070us     288ns  2.3110us  cuPointerGetAttributes
                    0.00%  1.8410us         2     920ns     395ns  1.4460us  cuEventCreate
                    0.00%  1.6650us         2     832ns     135ns  1.5300us  cuModuleGetFunction
                    0.00%  1.5520us         3     517ns     104ns  1.1190us  cuDeviceGetCount
                    0.00%  1.4800us         4     370ns     168ns     531ns  cuDeviceGetAttribute
                    0.00%     529ns         2     264ns     144ns     385ns  cuDeviceGet
                    0.00%     299ns         1     299ns     299ns     299ns  cuCtxGetCurrent
                    0.00%     259ns         1     259ns     259ns     259ns  cuDeviceComputeCapability
                    0.00%     226ns         1     226ns     226ns     226ns  cuDriverGetVersion
 OpenACC (excl):   97.60%  17.271ms         1  17.271ms  17.271ms  17.271ms  acc_update@async-2.f90:37
                    0.72%  127.51us         1  127.51us  127.51us  127.51us  acc_device_init@async-2.f90:25
                    0.63%  111.89us         1  111.89us  111.89us  111.89us  acc_compute_construct@async-2.f90:31
                    0.39%  68.809us         1  68.809us  68.809us  68.809us  acc_enter_data@async-2.f90:25
                    0.16%  27.559us         1  27.559us  27.559us  27.559us  acc_enqueue_launch@async-2.f90:31 (async_31_gpu)
                    0.15%  26.204us         1  26.204us  26.204us  26.204us  acc_enqueue_upload@async-2.f90:37
                    0.13%  23.797us         1  23.797us  23.797us  23.797us  acc_enqueue_launch@async-2.f90:38 (async_38_gpu)
                    0.09%  16.631us         1  16.631us  16.631us  16.631us  acc_exit_data@async-2.f90:42
                    0.04%  6.3630us         1  6.3630us  6.3630us  6.3630us  acc_wait@async-2.f90:38
                    0.03%  5.7840us         1  5.7840us  5.7840us  5.7840us  acc_compute_construct@async-2.f90:38
                    0.02%  4.0680us         1  4.0680us  4.0680us  4.0680us  acc_exit_data@async-2.f90:31
                    0.02%  3.2770us         1  3.2770us  3.2770us  3.2770us  acc_enter_data@async-2.f90:38
                    0.01%  1.8350us         1  1.8350us  1.8350us  1.8350us  acc_exit_data@async-2.f90:38
                    0.01%  1.5040us         1  1.5040us  1.5040us  1.5040us  acc_enter_data@async-2.f90:31
                    0.00%       0ns         3       0ns       0ns       0ns  acc_create@async-2.f90:25
                    0.00%       0ns         3       0ns       0ns       0ns  acc_alloc@async-2.f90:25
                    0.00%       0ns         3       0ns       0ns       0ns  acc_delete@async-2.f90:42

======== CPU profiling result (bottom up):
Time(%)      Time  Name
 76.70%  836.67ms  ???
 76.70%  836.67ms  | start_thread
 76.70%  836.67ms  |   clone
 11.65%  127.09ms  cuDevicePrimaryCtxRetain
 11.65%  127.09ms  | __pgi_uacc_cuda_init_device
 11.65%  127.09ms  |   __pgi_uacc_cuda_select_valid
 11.65%  127.09ms  |     __pgi_uacc_select_devid
 11.65%  127.09ms  |       __pgi_uacc_dataenterstart2
 11.65%  127.09ms  |         MAIN_
 11.65%  127.09ms  |           main
 11.65%  127.09ms  |             ???
  4.85%  52.954ms  cuInit
  4.85%  52.954ms  | __pgi_uacc_cuda_init
  4.85%  52.954ms  |   __pgi_uacc_enumerate
  4.85%  52.954ms  |     __pgi_uacc_initialize
  4.85%  52.954ms  |       __pgi_uacc_dataenterstart2
  4.85%  52.954ms  |         MAIN_
  4.85%  52.954ms  |           main
  4.85%  52.954ms  |             ???
  3.88%  42.363ms  cuDevicePrimaryCtxRelease
  3.88%  42.363ms  | __pgi_uacc_cuda_release_buffer
  3.88%  42.363ms  |   __run_exit_handlers
  3.88%  42.363ms  |     ???
  3.88%  42.363ms  |       main
  3.88%  42.363ms  |         ???
  1.94%  21.182ms  cuMemHostAlloc
  1.94%  21.182ms  | __pgi_uacc_cuda_get_buffer
  1.94%  21.182ms  |   __pgi_uacc_cuda_dataup1
  1.94%  21.182ms  |     __pgi_uacc_dataup1
  1.94%  21.182ms  |       __pgi_uacc_dataupx
  1.94%  21.182ms  |         __pgi_uacc_dataupa
  1.94%  21.182ms  |           MAIN_
  1.94%  21.182ms  |             main
  1.94%  21.182ms  |               ???
  0.97%  10.591ms  cuMemFreeHost
  0.97%  10.591ms    __pgi_uacc_cuda_free_device_buffers
  0.97%  10.591ms      __pgi_uacc_cuda_release_buffer
  0.97%  10.591ms        __run_exit_handlers
  0.97%  10.591ms          ???
  0.97%  10.591ms            main
  0.97%  10.591ms              ???

======== Data collected at 100Hz frequency
