 before update self            0
 after update self         2259
 before end data         2259
 after end data           42

Accelerator Kernel Timing data
/home/cjunqueira/Documents/boulot/trainning/idris/openacc/examples/update-data/corr/update-corr.f90
  para  NVIDIA  devicenum=0
    time(us): 498
    28: data region reached 2 times
        56: data copyout transfers: 1
             device time(us): total=8 max=8 min=8 avg=8
    29: compute region reached 1 time
        29: kernel launched 1 time
            grid: [79]  block: [128]
             device time(us): total=4 max=4 min=4 avg=4
            elapsed time(us): total=369 max=369 min=369 avg=369
    37: compute region reached 42 times
        37: kernel launched 42 times
            grid: [79]  block: [128]
             device time(us): total=85 max=3 min=2 avg=2
            elapsed time(us): total=712 max=22 min=16 avg=16
    37: data region reached 84 times
        37: data copyin transfers: 42
             device time(us): total=375 max=12 min=1 avg=8
    45: update directive reached 1 time
        45: data copyout transfers: 1
             device time(us): total=23 max=23 min=23 avg=23
    48: compute region reached 1 time
        48: kernel launched 1 time
            grid: [1]  block: [1]
             device time(us): total=3 max=3 min=3 avg=3
            elapsed time(us): total=31 max=31 min=31 avg=31
