para  NVIDIA  devicenum=0
time(us): 517
28: data region reached 2 times
 51: data copyout transfers: 1
      device time(us): total=9 max=9 min=9 avg=9
29: compute region reached 1 time
 29: kernel launched 1 time
     grid: [79]  block: [128]
      device time(us): total=3 max=3 min=3 avg=3
     elapsed time(us): total=407 max=407 min=407 avg=407
36: compute region reached 42 times
 36: kernel launched 42 times
     grid: [79]  block: [128]
      device time(us): total=86 max=3 min=2 avg=2
     elapsed time(us): total=745 max=38 min=16 avg=17
36: data region reached 84 times
 36: data copyin transfers: 42
      device time(us): total=391 max=18 min=8 avg=9
43: update directive reached 1 time
 43: data copyout transfers: 1
      device time(us): total=21 max=21 min=21 avg=21
45: compute region reached 1 time
    45: kernel launched 1 time
        grid: [1]  block: [1]
         device time(us): total=3 max=3 min=3 avg=3
        elapsed time(us): total=32 max=32 min=32 avg=32
49: update directive reached 1 time
    49: data copyout transfers: 1
         device time(us): total=4 max=4 min=4 avg=4
