==25981== PGPROF is profiling process 25981, command: ./parallel-data.exec
==25981== Profiling application: ./parallel-data.exec
==25981== Profiling result:
            Type  Time(%)      Time     Calls       Avg       Min       Max  Name
 GPU activities:   67.24%  6.3030us         1  6.3030us  6.3030us  6.3030us  [CUDA memcpy DtoH]
                   32.76%  3.0710us         1  3.0710us  3.0710us  3.0710us  parallel_data_20_gpu
      API calls:   65.14%  140.75ms         1  140.75ms  140.75ms  140.75ms  cuDevicePrimaryCtxRetain
                   21.76%  47.010ms         1  47.010ms  47.010ms  47.010ms  cuDevicePrimaryCtxRelease
                    7.61%  16.440ms         1  16.440ms  16.440ms  16.440ms  cuMemHostAlloc
                    5.08%  10.970ms         1  10.970ms  10.970ms  10.970ms  cuMemFreeHost
                    0.29%  635.92us         1  635.92us  635.92us  635.92us  cuMemAllocHost
                    0.04%  93.218us         2  46.609us  4.8450us  88.373us  cuMemAlloc
                    0.03%  75.071us         1  75.071us  75.071us  75.071us  cuModuleLoadDataEx
                    0.01%  23.183us         1  23.183us  23.183us  23.183us  cuLaunchKernel
                    0.01%  17.417us         1  17.417us  17.417us  17.417us  cuMemcpyDtoHAsync
                    0.00%  9.6900us         2  4.8450us  4.4380us  5.2520us  cuStreamSynchronize
                    0.00%  8.4770us         1  8.4770us  8.4770us  8.4770us  cuStreamCreate
                    0.00%  6.5400us         3  2.1800us     233ns  5.7940us  cuCtxSetCurrent
                    0.00%  6.1400us         1  6.1400us  6.1400us  6.1400us  cuDeviceGetPCIBusId
                    0.00%  3.5770us         2  1.7880us     279ns  3.2980us  cuEventCreate
                    0.00%  3.4940us         1  3.4940us  3.4940us  3.4940us  cuEventRecord
                    0.00%  2.4000us         1  2.4000us  2.4000us  2.4000us  cuPointerGetAttributes
                    0.00%  1.4470us         1  1.4470us  1.4470us  1.4470us  cuModuleGetFunction
                    0.00%  1.4430us         3     481ns     113ns  1.1500us  cuDeviceGetCount
                    0.00%  1.0340us         4     258ns     131ns     414ns  cuDeviceGetAttribute
                    0.00%     815ns         1     815ns     815ns     815ns  cuEventSynchronize
                    0.00%     610ns         2     305ns     124ns     486ns  cuDeviceGet
                    0.00%     198ns         1     198ns     198ns     198ns  cuDeviceComputeCapability
                    0.00%     195ns         1     195ns     195ns     195ns  cuCtxGetCurrent
                    0.00%     133ns         1     133ns     133ns     133ns  cuDriverGetVersion
 OpenACC (excl):   98.44%  16.472ms         1  16.472ms  16.472ms  16.472ms  acc_exit_data@parallel-data.f90:20
                    0.59%  98.728us         1  98.728us  98.728us  98.728us  acc_device_init@parallel-data.f90:20
                    0.29%  47.706us         1  47.706us  47.706us  47.706us  acc_enter_data@parallel-data.f90:20
                    0.24%  39.857us         1  39.857us  39.857us  39.857us  acc_enqueue_download@parallel-data.f90:25
                    0.18%  29.330us         1  29.330us  29.330us  29.330us  acc_wait@parallel-data.f90:25
                    0.16%  27.047us         1  27.047us  27.047us  27.047us  acc_enqueue_launch@parallel-data.f90:20 (parallel_data_20_gpu)
                    0.06%  10.234us         1  10.234us  10.234us  10.234us  acc_compute_construct@parallel-data.f90:20
                    0.04%  7.4860us         1  7.4860us  7.4860us  7.4860us  acc_wait@parallel-data.f90:20
                    0.00%       0ns         1       0ns       0ns       0ns  acc_alloc@parallel-data.f90:20
                    0.00%       0ns         1       0ns       0ns       0ns  acc_delete@parallel-data.f90:25
                    0.00%       0ns         1       0ns       0ns       0ns  acc_create@parallel-data.f90:20

======== CPU profiling result (bottom up):
Time(%)      Time  Name
 76.36%  896.27ms  ???
 76.36%  896.27ms  | start_thread
 76.36%  896.27ms  |   clone
 12.73%  149.38ms  cuDevicePrimaryCtxRetain
 12.73%  149.38ms  | __pgi_uacc_cuda_init_device
 12.73%  149.38ms  |   __pgi_uacc_cuda_select_valid
 12.73%  149.38ms  |     __pgi_uacc_select_devid
 12.73%  149.38ms  |       __pgi_uacc_dataenterstart2
 12.73%  149.38ms  |         MAIN_
 12.73%  149.38ms  |           main
 12.73%  149.38ms  |             ???
  4.55%  53.349ms  cuInit
  4.55%  53.349ms  | __pgi_uacc_cuda_init
  4.55%  53.349ms  |   __pgi_uacc_enumerate
  4.55%  53.349ms  |     __pgi_uacc_initialize
  4.55%  53.349ms  |       __pgi_uacc_dataenterstart2
  4.55%  53.349ms  |         MAIN_
  4.55%  53.349ms  |           main
  4.55%  53.349ms  |             ???
  3.64%  42.679ms  cuDevicePrimaryCtxRelease
  3.64%  42.679ms  | __pgi_uacc_cuda_release_buffer
  3.64%  42.679ms  |   __run_exit_handlers
  3.64%  42.679ms  |     ???
  3.64%  42.679ms  |       main
  3.64%  42.679ms  |         ???
  1.82%   21.34ms  cuMemFreeHost
  1.82%   21.34ms  | __pgi_uacc_cuda_free_device_buffers
  1.82%   21.34ms  |   __pgi_uacc_cuda_release_buffer
  1.82%   21.34ms  |     __run_exit_handlers
  1.82%   21.34ms  |       ???
  1.82%   21.34ms  |         main
  1.82%   21.34ms  |           ???
  0.91%   10.67ms  cuMemHostAlloc
  0.91%   10.67ms    __pgi_uacc_cuda_get_buffer
  0.91%   10.67ms      __pgi_uacc_cuda_datadown1
  0.91%   10.67ms        __pgi_uacc_datadown1
  0.91%   10.67ms          __pgi_uacc_datadownx
  0.91%   10.67ms            __pgi_uacc_dataoffb2
  0.91%   10.67ms              MAIN_
  0.91%   10.67ms                main
  0.91%   10.67ms                  ???

======== Data collected at 100Hz frequency
