==844== PGPROF is profiling process 844, command: ./loop_grwsvp.exec
==844== Profiling application: ./loop_grwsvp.exec
==844== Profiling result:
            Type  Time(%)      Time     Calls       Avg       Min       Max  Name
 GPU activities:   53.72%  5.3120us         1  5.3120us  5.3120us  5.3120us  [CUDA memcpy DtoH]
                   46.28%  4.5760us         1  4.5760us  4.5760us  4.5760us  loop_41_gpu
      API calls:   67.65%  161.16ms         1  161.16ms  161.16ms  161.16ms  cuDevicePrimaryCtxRetain
                   20.02%  47.693ms         1  47.693ms  47.693ms  47.693ms  cuDevicePrimaryCtxRelease
                    6.94%  16.538ms         1  16.538ms  16.538ms  16.538ms  cuMemHostAlloc
                    4.99%  11.894ms         1  11.894ms  11.894ms  11.894ms  cuMemFreeHost
                    0.27%  642.39us         1  642.39us  642.39us  642.39us  cuMemAllocHost
                    0.04%  102.30us         2  51.150us  4.7780us  97.523us  cuMemAlloc
                    0.03%  81.947us         1  81.947us  81.947us  81.947us  cuModuleLoadDataEx
                    0.01%  24.313us         1  24.313us  24.313us  24.313us  cuLaunchKernel
                    0.01%  19.482us         1  19.482us  19.482us  19.482us  cuMemcpyDtoHAsync
                    0.01%  11.949us         2  5.9740us  4.2260us  7.7230us  cuStreamSynchronize
                    0.00%  9.1980us         1  9.1980us  9.1980us  9.1980us  cuStreamCreate
                    0.00%  7.2090us         3  2.4030us     206ns  6.5190us  cuCtxSetCurrent
                    0.00%  5.6860us         1  5.6860us  5.6860us  5.6860us  cuDeviceGetPCIBusId
                    0.00%  4.9570us         3  1.6520us     493ns  3.7620us  cuDeviceGetCount
                    0.00%  3.7150us         2  1.8570us     265ns  3.4500us  cuEventCreate
                    0.00%  3.6460us         4     911ns     682ns  1.2970us  cuDeviceGetAttribute
                    0.00%  3.3910us         1  3.3910us  3.3910us  3.3910us  cuEventRecord
                    0.00%  2.7850us         2  1.3920us     490ns  2.2950us  cuDeviceGet
                    0.00%  2.6240us         1  2.6240us  2.6240us  2.6240us  cuPointerGetAttributes
                    0.00%  1.8990us         1  1.8990us  1.8990us  1.8990us  cuModuleGetFunction
                    0.00%     886ns         1     886ns     886ns     886ns  cuDeviceComputeCapability
                    0.00%     875ns         1     875ns     875ns     875ns  cuCtxGetCurrent
                    0.00%     822ns         1     822ns     822ns     822ns  cuEventSynchronize
                    0.00%     601ns         1     601ns     601ns     601ns  cuDriverGetVersion
 OpenACC (excl):   97.80%  16.570ms         1  16.570ms  16.570ms  16.570ms  acc_exit_data@loop_grwsvp.f90:41
                    0.72%  122.19us         1  122.19us  122.19us  122.19us  acc_wait@loop_grwsvp.f90:46
                    0.65%  109.87us         1  109.87us  109.87us  109.87us  acc_device_init@loop_grwsvp.f90:41
                    0.31%  51.683us         1  51.683us  51.683us  51.683us  acc_enter_data@loop_grwsvp.f90:41
                    0.24%  41.200us         1  41.200us  41.200us  41.200us  acc_enqueue_download@loop_grwsvp.f90:46
                    0.17%  28.041us         1  28.041us  28.041us  28.041us  acc_enqueue_launch@loop_grwsvp.f90:41 (loop_41_gpu)
                    0.06%  10.121us         1  10.121us  10.121us  10.121us  acc_compute_construct@loop_grwsvp.f90:41
                    0.06%  9.6660us         1  9.6660us  9.6660us  9.6660us  acc_wait@loop_grwsvp.f90:41
                    0.00%       0ns         1       0ns       0ns       0ns  acc_delete@loop_grwsvp.f90:46
                    0.00%       0ns         1       0ns       0ns       0ns  acc_create@loop_grwsvp.f90:41
                    0.00%       0ns         1       0ns       0ns       0ns  acc_alloc@loop_grwsvp.f90:41

======== CPU profiling result (bottom up):
Time(%)      Time  Name
 76.92%  951.89ms  ???
 76.92%  951.89ms  | start_thread
 76.92%  951.89ms  |   clone
 12.82%  158.65ms  cuDevicePrimaryCtxRetain
 12.82%  158.65ms  | __pgi_uacc_cuda_init_device
 12.82%  158.65ms  |   __pgi_uacc_cuda_select_valid
 12.82%  158.65ms  |     __pgi_uacc_select_devid
 12.82%  158.65ms  |       __pgi_uacc_enter
 12.82%  158.65ms  |         MAIN_
 12.82%  158.65ms  |           main
 12.82%  158.65ms  |             ???
  4.27%  52.883ms  cuInit
  4.27%  52.883ms  | __pgi_uacc_cuda_init
  4.27%  52.883ms  |   __pgi_uacc_enumerate
  4.27%  52.883ms  |     __pgi_uacc_initialize
  4.27%  52.883ms  |       __pgi_uacc_enter
  4.27%  52.883ms  |         MAIN_
  4.27%  52.883ms  |           main
  4.27%  52.883ms  |             ???
  3.42%  42.306ms  cuDevicePrimaryCtxRelease
  3.42%  42.306ms  | __pgi_uacc_cuda_release_buffer
  3.42%  42.306ms  |   __run_exit_handlers
  3.42%  42.306ms  |     ???
  3.42%  42.306ms  |       main
  3.42%  42.306ms  |         ???
  0.85%  10.577ms  __c_mcopy4_avx
  0.85%  10.577ms  | __pgi_uacc_cuda_drain_down
  0.85%  10.577ms  |   __pgi_uacc_cuda_wait
  0.85%  10.577ms  |     __pgi_uacc_dataexitdone
  0.85%  10.577ms  |       MAIN_
  0.85%  10.577ms  |         main
  0.85%  10.577ms  |           ???
  0.85%  10.577ms  cuMemFreeHost
  0.85%  10.577ms  | __pgi_uacc_cuda_free_device_buffers
  0.85%  10.577ms  |   __pgi_uacc_cuda_release_buffer
  0.85%  10.577ms  |     __run_exit_handlers
  0.85%  10.577ms  |       ???
  0.85%  10.577ms  |         main
  0.85%  10.577ms  |           ???
  0.85%  10.577ms  cuMemHostAlloc
  0.85%  10.577ms    __pgi_uacc_cuda_get_buffer
  0.85%  10.577ms      __pgi_uacc_cuda_datadown1
  0.85%  10.577ms        __pgi_uacc_datadown1
  0.85%  10.577ms          __pgi_uacc_datadownx
  0.85%  10.577ms            __pgi_uacc_dataoffb2
  0.85%  10.577ms              MAIN_
  0.85%  10.577ms                main
  0.85%  10.577ms                  ???

======== Data collected at 100Hz frequency
