==1162== PGPROF is profiling process 1162, command: ./loop_grwsvs.exec
==1162== Profiling application: ./loop_grwsvs.exec
==1162== Profiling result:
            Type  Time(%)      Time     Calls       Avg       Min       Max  Name
 GPU activities:   80.00%  6.2710us         1  6.2710us  6.2710us  6.2710us  [CUDA memcpy DtoH]
                   20.00%  1.5680us         1  1.5680us  1.5680us  1.5680us  loop_39_gpu
      API calls:   62.85%  127.93ms         1  127.93ms  127.93ms  127.93ms  cuDevicePrimaryCtxRetain
                   24.09%  49.038ms         1  49.038ms  49.038ms  49.038ms  cuDevicePrimaryCtxRelease
                    7.52%  15.304ms         1  15.304ms  15.304ms  15.304ms  cuMemHostAlloc
                    5.12%  10.416ms         1  10.416ms  10.416ms  10.416ms  cuMemFreeHost
                    0.29%  584.45us         1  584.45us  584.45us  584.45us  cuMemAllocHost
                    0.05%  92.030us         2  46.015us  4.8460us  87.184us  cuMemAlloc
                    0.04%  72.105us         1  72.105us  72.105us  72.105us  cuModuleLoadDataEx
                    0.01%  23.348us         1  23.348us  23.348us  23.348us  cuLaunchKernel
                    0.01%  18.676us         1  18.676us  18.676us  18.676us  cuMemcpyDtoHAsync
                    0.00%  8.8090us         2  4.4040us  3.7680us  5.0410us  cuStreamSynchronize
                    0.00%  8.5430us         1  8.5430us  8.5430us  8.5430us  cuStreamCreate
                    0.00%  6.9550us         3  2.3180us     185ns  6.2510us  cuCtxSetCurrent
                    0.00%  6.2210us         1  6.2210us  6.2210us  6.2210us  cuDeviceGetPCIBusId
                    0.00%  5.5570us         3  1.8520us     524ns  3.8070us  cuDeviceGetCount
                    0.00%  4.0050us         4  1.0010us     787ns  1.3750us  cuDeviceGetAttribute
                    0.00%  3.7030us         2  1.8510us     284ns  3.4190us  cuEventCreate
                    0.00%  3.6950us         1  3.6950us  3.6950us  3.6950us  cuEventRecord
                    0.00%  2.7890us         2  1.3940us     664ns  2.1250us  cuDeviceGet
                    0.00%  2.4070us         1  2.4070us  2.4070us  2.4070us  cuPointerGetAttributes
                    0.00%  1.5030us         1  1.5030us  1.5030us  1.5030us  cuModuleGetFunction
                    0.00%  1.0420us         1  1.0420us  1.0420us  1.0420us  cuDeviceComputeCapability
                    0.00%     995ns         1     995ns     995ns     995ns  cuDriverGetVersion
                    0.00%     990ns         1     990ns     990ns     990ns  cuCtxGetCurrent
                    0.00%     853ns         1     853ns     853ns     853ns  cuEventSynchronize
 OpenACC (excl):   98.32%  15.337ms         1  15.337ms  15.337ms  15.337ms  acc_exit_data@loop_grwsvs.f90:39
                    0.62%  96.994us         1  96.994us  96.994us  96.994us  acc_device_init@loop_grwsvs.f90:39
                    0.32%  49.745us         1  49.745us  49.745us  49.745us  acc_enter_data@loop_grwsvs.f90:39
                    0.27%  41.540us         1  41.540us  41.540us  41.540us  acc_enqueue_download@loop_grwsvs.f90:43
                    0.19%  29.962us         1  29.962us  29.962us  29.962us  acc_wait@loop_grwsvs.f90:43
                    0.17%  27.020us         1  27.020us  27.020us  27.020us  acc_enqueue_launch@loop_grwsvs.f90:39 (loop_39_gpu)
                    0.07%  10.360us         1  10.360us  10.360us  10.360us  acc_compute_construct@loop_grwsvs.f90:39
                    0.04%  5.7070us         1  5.7070us  5.7070us  5.7070us  acc_wait@loop_grwsvs.f90:39
                    0.00%       0ns         1       0ns       0ns       0ns  acc_create@loop_grwsvs.f90:39
                    0.00%       0ns         1       0ns       0ns       0ns  acc_delete@loop_grwsvs.f90:43
                    0.00%       0ns         1       0ns       0ns       0ns  acc_alloc@loop_grwsvs.f90:39

======== CPU profiling result (bottom up):
Time(%)      Time  Name
 76.64%  869.62ms  ???
 76.64%  869.62ms  | start_thread
 76.64%  869.62ms  |   clone
 12.15%  137.87ms  cuDevicePrimaryCtxRetain
 12.15%  137.87ms  | __pgi_uacc_cuda_init_device
 12.15%  137.87ms  |   __pgi_uacc_cuda_select_valid
 12.15%  137.87ms  |     __pgi_uacc_select_devid
 12.15%  137.87ms  |       __pgi_uacc_enter
 12.15%  137.87ms  |         MAIN_
 12.15%  137.87ms  |           main
 12.15%  137.87ms  |             ???
  4.67%  53.026ms  cuDevicePrimaryCtxRelease
  4.67%  53.026ms  | __pgi_uacc_cuda_release_buffer
  4.67%  53.026ms  |   __run_exit_handlers
  4.67%  53.026ms  |     ???
  4.67%  53.026ms  |       main
  4.67%  53.026ms  |         ???
  4.67%  53.026ms  cuInit
  4.67%  53.026ms  | __pgi_uacc_cuda_init
  4.67%  53.026ms  |   __pgi_uacc_enumerate
  4.67%  53.026ms  |     __pgi_uacc_initialize
  4.67%  53.026ms  |       __pgi_uacc_enter
  4.67%  53.026ms  |         MAIN_
  4.67%  53.026ms  |           main
  4.67%  53.026ms  |             ???
  0.93%  10.605ms  cuMemFreeHost
  0.93%  10.605ms  | __pgi_uacc_cuda_free_device_buffers
  0.93%  10.605ms  |   __pgi_uacc_cuda_release_buffer
  0.93%  10.605ms  |     __run_exit_handlers
  0.93%  10.605ms  |       ???
  0.93%  10.605ms  |         main
  0.93%  10.605ms  |           ???
  0.93%  10.605ms  cuMemHostAlloc
  0.93%  10.605ms    __pgi_uacc_cuda_get_buffer
  0.93%  10.605ms      __pgi_uacc_cuda_datadown1
  0.93%  10.605ms        __pgi_uacc_datadown1
  0.93%  10.605ms          __pgi_uacc_datadownx
  0.93%  10.605ms            __pgi_uacc_dataoffb2
  0.93%  10.605ms              MAIN_
  0.93%  10.605ms                main
  0.93%  10.605ms                  ???

======== Data collected at 100Hz frequency
