==32067== PGPROF is profiling process 32067, command: ./array-shape.exec
==32067== Profiling application: ./array-shape.exec
==32067== Profiling result:
            Type  Time(%)      Time     Calls       Avg       Min       Max  Name
 GPU activities:   48.82%  82.351ms     20000  4.1170us     992ns  2.8829ms  [CUDA memcpy HtoD]
                   36.80%  62.077ms     20000  3.1030us     736ns  10.432us  [CUDA memcpy DtoH]
                   11.92%  20.113ms     20000  1.0050us     768ns  5.8230us  __pgi_uacc_cuda_fill_35_gpu
                    2.40%  4.0536ms         1  4.0536ms  4.0536ms  4.0536ms  main_26_gpu
                    0.05%  77.757us         1  77.757us  77.757us  77.757us  main_34_gpu
      API calls:   28.59%  176.53ms         1  176.53ms  176.53ms  176.53ms  cuDevicePrimaryCtxRetain
                   14.23%  87.863ms         1  87.863ms  87.863ms  87.863ms  cuDevicePrimaryCtxRelease
                   13.93%  86.006ms     20002  4.2990us  3.6020us  365.68us  cuLaunchKernel
                   13.33%  82.299ms     20002  4.1140us  1.5580us  258.09us  cuMemAlloc
                   10.05%  62.069ms     20000  3.1030us  2.0330us  2.8782ms  cuMemcpyHtoDAsync
                    8.14%  50.259ms     20000  2.5120us  1.9190us  2.1927ms  cuMemcpyDtoHAsync
                    2.99%  18.459ms     20048     920ns     657ns  147.46us  cuEventRecord
                    2.70%  16.700ms         1  16.700ms  16.700ms  16.700ms  cuMemHostAlloc
                    1.94%  11.956ms     20046     596ns     401ns  304.16us  cuEventSynchronize
                    1.69%  10.453ms         1  10.453ms  10.453ms  10.453ms  cuMemFreeHost
                    1.47%  9.0642ms         6  1.5107ms  3.5410us  4.9098ms  cuStreamSynchronize
                    0.76%  4.6790ms      7175     652ns     256ns  628.48us  cuEventCreate
                    0.13%  806.21us         1  806.21us  806.21us  806.21us  cuMemAllocHost
                    0.05%  304.99us         2  152.50us  149.81us  155.18us  cuModuleLoadDataEx
                    0.00%  12.249us         1  12.249us  12.249us  12.249us  cuStreamCreate
                    0.00%  9.6390us         3  3.2130us     524ns  8.3320us  cuCtxSetCurrent
                    0.00%  6.0560us         4  1.5140us     156ns  4.0760us  cuModuleGetFunction
                    0.00%  5.5700us         1  5.5700us  5.5700us  5.5700us  cuDeviceGetPCIBusId
                    0.00%  4.8830us         3  1.6270us     534ns  3.5680us  cuDeviceGetCount
                    0.00%  4.0800us         1  4.0800us  4.0800us  4.0800us  cuPointerGetAttributes
                    0.00%  3.7980us         4     949ns     663ns  1.1890us  cuDeviceGetAttribute
                    0.00%  2.4430us         2  1.2210us     594ns  1.8490us  cuDeviceGet
                    0.00%     893ns         1     893ns     893ns     893ns  cuCtxGetCurrent
                    0.00%     855ns         1     855ns     855ns     855ns  cuDeviceComputeCapability
                    0.00%     725ns         1     725ns     725ns     725ns  cuDriverGetVersion
 OpenACC (excl):   26.35%  197.06ms         1  197.06ms  197.06ms  197.06ms  acc_enter_data@array-shape.cpp:26
                   24.33%  181.91ms         1  181.91ms  181.91ms  181.91ms  acc_exit_data@array-shape.cpp:26
                   14.05%  105.03ms     20000  5.2510us  4.3910us  369.05us  acc_enqueue_launch@(runtime):34 (__pgi_uacc_cuda_fill_35_gpu)
                    8.76%  65.535ms         1  65.535ms  65.535ms  65.535ms  acc_enter_data@array-shape.cpp:34
                    6.42%  47.992ms     10000  4.7990us  3.2410us  635.20us  acc_enqueue_download@array-shape.cpp:40
                    5.49%  41.072ms     10000  4.1070us  3.2810us  2.1944ms  acc_enqueue_download@array-shape.cpp:34
                    4.95%  37.007ms     10000  3.7000us  2.6990us  2.8789ms  acc_enqueue_upload@array-shape.cpp:26
                    4.93%  36.851ms     10000  3.6850us  2.4990us  291.21us  acc_enqueue_upload@array-shape.cpp:34
                    1.99%  14.917ms         1  14.917ms  14.917ms  14.917ms  acc_exit_data@array-shape.cpp:34
                    1.54%  11.479ms         3  3.8262ms  81.105us  6.4862ms  acc_wait@array-shape.cpp:34
                    0.61%  4.5450ms         1  4.5450ms  4.5450ms  4.5450ms  acc_wait@array-shape.cpp:40
                    0.54%  4.0672ms         2  2.0336ms  7.5150us  4.0597ms  acc_wait@array-shape.cpp:26
                    0.03%  188.22us         1  188.22us  188.22us  188.22us  acc_device_init@array-shape.cpp:26
                    0.00%  27.345us         1  27.345us  27.345us  27.345us  acc_enqueue_launch@array-shape.cpp:34 (main_34_gpu)
                    0.00%  23.318us         1  23.318us  23.318us  23.318us  acc_enqueue_launch@array-shape.cpp:26 (main_26_gpu)
                    0.00%  5.3990us         1  5.3990us  5.3990us  5.3990us  acc_compute_construct@array-shape.cpp:26
                    0.00%  3.5170us         1  3.5170us  3.5170us  3.5170us  acc_compute_construct@array-shape.cpp:34
                    0.00%       0ns     10001       0ns       0ns       0ns  acc_alloc@array-shape.cpp:26
                    0.00%       0ns     10001       0ns       0ns       0ns  acc_delete@array-shape.cpp:40
                    0.00%       0ns     10001       0ns       0ns       0ns  acc_create@array-shape.cpp:26
                    0.00%       0ns     10000       0ns       0ns       0ns  acc_alloc@array-shape.cpp:34
                    0.00%       0ns     10001       0ns       0ns       0ns  acc_delete@array-shape.cpp:34
                    0.00%       0ns     10001       0ns       0ns       0ns  acc_create@array-shape.cpp:34

======== CPU profiling result (bottom up):
Time(%)      Time  Name
 80.52%    4.364s  ???
 80.52%    4.364s  | start_thread
 80.52%    4.364s  |   clone
  4.68%  253.72ms  __c_mcopy1
  3.18%  172.53ms  | __pgi_uacc_cuda_drain_down
  3.18%  172.53ms  | | __pgi_uacc_cuda_get_buffer
  3.18%  172.53ms  | |   __pgi_uacc_cuda_datadown1
  3.18%  172.53ms  | |     __pgi_uacc_datadown1
  3.18%  172.53ms  | |       do_datadown
  3.18%  172.53ms  | |         __pgi_uacc_contig_recurse
  3.18%  172.53ms  | |           __pgi_uacc_contig_recurse
  3.18%  172.53ms  | |             __pgi_uacc_contig_search
  3.18%  172.53ms  | |               __pgi_uacc_datadownx
  3.18%  172.53ms  | |                 __pgi_uacc_dataoffb2
  3.18%  172.53ms  | |                   main
  3.18%  172.53ms  | |                     ???
  1.50%  81.191ms  | __pgi_uacc_cuda_dataup1
  1.50%  81.191ms  |   __pgi_uacc_dataup1
  1.50%  81.191ms  |     do_dataup
  1.50%  81.191ms  |       __pgi_uacc_contig_recurse
  1.50%  81.191ms  |         __pgi_uacc_contig_recurse
  1.50%  81.191ms  |           __pgi_uacc_contig_search
  1.50%  81.191ms  |             __pgi_uacc_dataupx
  1.50%  81.191ms  |               __pgi_uacc_dataonb
  1.50%  81.191ms  |                 main
  1.50%  81.191ms  |                   ???
  3.18%  172.53ms  cuDevicePrimaryCtxRetain
  3.18%  172.53ms  | __pgi_uacc_cuda_init_device
  3.18%  172.53ms  |   __pgi_uacc_cuda_select_valid
  3.18%  172.53ms  |     __pgi_uacc_select_devid
  3.18%  172.53ms  |       __pgi_uacc_dataenterstart2
  3.18%  172.53ms  |         main
  3.18%  172.53ms  |           ???
  1.87%  101.49ms  cuMemAlloc_v2
  1.87%  101.49ms  | __pgi_uacc_cuda_alloc
  1.87%  101.49ms  |   __pgi_uacc_alloc
  1.87%  101.49ms  |     do_create
  1.87%  101.49ms  |       __pgi_uacc_excontig_recurse
  1.87%  101.49ms  |         __pgi_uacc_excontig_recurse
  1.87%  101.49ms  |           __pgi_uacc_excontig_search
  1.87%  101.49ms  |             __pgi_uacc_create
  1.87%  101.49ms  |               __pgi_uacc_dataonb
  1.87%  101.49ms  |                 main
  1.87%  101.49ms  |                   ???
  1.69%  91.339ms  cuLaunchKernel
  1.69%  91.339ms  | __pgi_uacc_cuda_launch3
  1.69%  91.339ms  |   __pgi_uacc_cuda_launch2
  1.69%  91.339ms  |     __pgi_uacc_cuda_launch
  1.69%  91.339ms  |       __pgi_uacc_cudax_launch
  1.69%  91.339ms  |         __pgi_uacc_cuda_fill
  1.69%  91.339ms  |           __pgi_uacc_fill
  1.69%  91.339ms  |             do_fill
  1.69%  91.339ms  |               do_create
  1.69%  91.339ms  |                 __pgi_uacc_excontig_recurse
  1.69%  91.339ms  |                   __pgi_uacc_excontig_recurse
  1.69%  91.339ms  |                     __pgi_uacc_excontig_search
  1.69%  91.339ms  |                       __pgi_uacc_create
  1.69%  91.339ms  |                         __pgi_uacc_dataonb
  1.69%  91.339ms  |                           main
  1.69%  91.339ms  |                             ???
  1.69%  91.339ms  cuDevicePrimaryCtxRelease
  1.69%  91.339ms  | __pgi_uacc_cuda_release_buffer
  1.69%  91.339ms  |   __run_exit_handlers
  1.69%  91.339ms  |     ???
  1.69%  91.339ms  |       ???
  1.69%  91.339ms  cuMemcpyHtoDAsync_v2
  1.69%  91.339ms  | __pgi_uacc_cuda_dataup1
  1.69%  91.339ms  |   __pgi_uacc_dataup1
  1.69%  91.339ms  |     do_dataup
  1.69%  91.339ms  |       __pgi_uacc_contig_recurse
  1.69%  91.339ms  |         __pgi_uacc_contig_recurse
  1.69%  91.339ms  |           __pgi_uacc_contig_search
  1.69%  91.339ms  |             __pgi_uacc_dataupx
  1.69%  91.339ms  |               __pgi_uacc_dataonb
  1.69%  91.339ms  |                 main
  1.69%  91.339ms  |                   ???
  1.50%  81.191ms  cuMemcpyDtoHAsync_v2
  1.50%  81.191ms  | __pgi_uacc_cuda_datadown1
  1.50%  81.191ms  |   __pgi_uacc_datadown1
  1.50%  81.191ms  |     do_datadown
  1.50%  81.191ms  |       __pgi_uacc_contig_recurse
  1.50%  81.191ms  |         __pgi_uacc_contig_recurse
  1.50%  81.191ms  |           __pgi_uacc_contig_search
  1.50%  81.191ms  |             __pgi_uacc_datadownx
  1.50%  81.191ms  |               __pgi_uacc_dataoffb2
  1.50%  81.191ms  |                 main
  1.50%  81.191ms  |                   ???
  0.94%  50.744ms  cuInit
  0.94%  50.744ms  | __pgi_uacc_cuda_init
  0.94%  50.744ms  |   __pgi_uacc_enumerate
  0.94%  50.744ms  |     __pgi_uacc_initialize
  0.94%  50.744ms  |       __pgi_uacc_dataenterstart2
  0.94%  50.744ms  |         main
  0.94%  50.744ms  |           ???
  0.37%  20.298ms  cuEventRecord
  0.37%  20.298ms  | __pgi_uacc_cuda_datadown1
  0.37%  20.298ms  |   __pgi_uacc_datadown1
  0.37%  20.298ms  |     do_datadown
  0.37%  20.298ms  |       __pgi_uacc_contig_recurse
  0.37%  20.298ms  |         __pgi_uacc_contig_recurse
  0.37%  20.298ms  |           __pgi_uacc_contig_search
  0.37%  20.298ms  |             __pgi_uacc_datadownx
  0.37%  20.298ms  |               __pgi_uacc_dataoffb2
  0.37%  20.298ms  |                 main
  0.37%  20.298ms  |                   ???
  0.37%  20.298ms  _int_malloc
  0.37%  20.298ms  | __libc_malloc
  0.37%  20.298ms  |   __operator_new__(unsigned long)
  0.37%  20.298ms  |     __operator_new[]__(unsigned long)
  0.37%  20.298ms  |       main
  0.37%  20.298ms  |         ???
  0.19%  10.149ms  rbtree_insert
  0.19%  10.149ms  | __pgi_uacc_rb_insert
  0.19%  10.149ms  |   __pgi_uacc_cuda_alloc
  0.19%  10.149ms  |     __pgi_uacc_alloc
  0.19%  10.149ms  |       do_create
  0.19%  10.149ms  |         __pgi_uacc_excontig_recurse
  0.19%  10.149ms  |           __pgi_uacc_excontig_recurse
  0.19%  10.149ms  |             __pgi_uacc_excontig_search
  0.19%  10.149ms  |               __pgi_uacc_create
  0.19%  10.149ms  |                 __pgi_uacc_dataonb
  0.19%  10.149ms  |                   main
  0.19%  10.149ms  |                     ???
  0.19%  10.149ms  __pgi_uacc_unlock
  0.19%  10.149ms  | __pgi_uacc_alloc
  0.19%  10.149ms  |   do_create
  0.19%  10.149ms  |     __pgi_uacc_excontig_recurse
  0.19%  10.149ms  |       __pgi_uacc_excontig_recurse
  0.19%  10.149ms  |         __pgi_uacc_excontig_search
  0.19%  10.149ms  |           __pgi_uacc_create
  0.19%  10.149ms  |             __pgi_uacc_dataonb
  0.19%  10.149ms  |               main
  0.19%  10.149ms  |                 ???
  0.19%  10.149ms  cuMemHostAlloc
  0.19%  10.149ms  | __pgi_uacc_cuda_get_buffer
  0.19%  10.149ms  |   __pgi_uacc_cuda_dataup1
  0.19%  10.149ms  |     __pgi_uacc_dataup1
  0.19%  10.149ms  |       do_dataup
  0.19%  10.149ms  |         __pgi_uacc_contig_recurse
  0.19%  10.149ms  |           __pgi_uacc_contig_recurse
  0.19%  10.149ms  |             __pgi_uacc_contig_search
  0.19%  10.149ms  |               __pgi_uacc_dataupx
  0.19%  10.149ms  |                 __pgi_uacc_dataonb
  0.19%  10.149ms  |                   main
  0.19%  10.149ms  |                     ???
  0.19%  10.149ms  cuEventSynchronize
  0.19%  10.149ms  | __pgi_uacc_cuda_drain_down
  0.19%  10.149ms  |   __pgi_uacc_cuda_wait
  0.19%  10.149ms  |     __pgi_uacc_dataexitdone
  0.19%  10.149ms  |       main
  0.19%  10.149ms  |         ???
  0.19%  10.149ms  sysmalloc
  0.19%  10.149ms  | _int_malloc
  0.19%  10.149ms  |   __libc_malloc
  0.19%  10.149ms  |     __pgi_uacc_next_present_struct
  0.19%  10.149ms  |       __pgi_uacc_present_add2
  0.19%  10.149ms  |         __pgi_uacc_present_add
  0.19%  10.149ms  |           do_create
  0.19%  10.149ms  |             __pgi_uacc_excontig_recurse
  0.19%  10.149ms  |               __pgi_uacc_excontig_recurse
  0.19%  10.149ms  |                 __pgi_uacc_excontig_search
  0.19%  10.149ms  |                   __pgi_uacc_create
  0.19%  10.149ms  |                     __pgi_uacc_dataonb
  0.19%  10.149ms  |                       main
  0.19%  10.149ms  |                         ???
  0.19%  10.149ms  cuEventCreate
  0.19%  10.149ms  | __pgi_uacc_cuda_download_event
  0.19%  10.149ms  |   __pgi_uacc_cuda_datadown1
  0.19%  10.149ms  |     __pgi_uacc_datadown1
  0.19%  10.149ms  |       do_datadown
  0.19%  10.149ms  |         __pgi_uacc_contig_recurse
  0.19%  10.149ms  |           __pgi_uacc_contig_recurse
  0.19%  10.149ms  |             __pgi_uacc_contig_search
  0.19%  10.149ms  |               __pgi_uacc_datadownx
  0.19%  10.149ms  |                 __pgi_uacc_dataoffb2
  0.19%  10.149ms  |                   main
  0.19%  10.149ms  |                     ???
  0.19%  10.149ms  cuMemFreeHost
  0.19%  10.149ms  | __pgi_uacc_cuda_free_device_buffers
  0.19%  10.149ms  |   __pgi_uacc_cuda_release_buffer
  0.19%  10.149ms  |     __run_exit_handlers
  0.19%  10.149ms  |       ???
  0.19%  10.149ms  |         ???
  0.19%  10.149ms  __pgi_uacc_rb2_find
  0.19%  10.149ms    do_create
  0.19%  10.149ms      __pgi_uacc_excontig_recurse
  0.19%  10.149ms        __pgi_uacc_excontig_recurse
  0.19%  10.149ms          __pgi_uacc_excontig_search
  0.19%  10.149ms            __pgi_uacc_create
  0.19%  10.149ms              __pgi_uacc_dataonb
  0.19%  10.149ms                main
  0.19%  10.149ms                  ???

======== Data collected at 100Hz frequency
